2025-06-16 01:11:44,881 - INFO - [STARTUP] Latency: 8.7869 seconds
2025-06-16 01:11:44,881 - INFO - [STARTUP] Throughput: 1.02 items/s
2025-06-16 01:11:44,881 - INFO - [STARTUP] Items processed: 9 items
2025-06-16 01:11:44,881 - INFO - [STARTUP] CPU Usage: 13.3%
2025-06-16 01:11:44,882 - INFO - [STARTUP] Memory Usage: 4.1%
2025-06-16 01:11:44,938 - INFO - [STARTUP] GPU 0 Usage: 94.0%
2025-06-16 01:11:44,938 - INFO - [STARTUP] GPU 0 Memory: 15.8%
2025-06-16 01:11:44,938 - INFO - [STARTUP] GPU 1 Usage: 0.0%
2025-06-16 01:11:44,938 - INFO - [STARTUP] GPU 1 Memory: 0.0%
2025-06-16 01:11:44,939 - INFO - [STARTUP] GPU 2 Usage: 0.0%
2025-06-16 01:11:44,939 - INFO - [STARTUP] GPU 2 Memory: 0.0%
2025-06-16 01:11:44,939 - INFO - [STARTUP] GPU 3 Usage: 0.0%
2025-06-16 01:11:44,939 - INFO - [STARTUP] GPU 3 Memory: 0.0%
2025-06-16 01:11:47,489 - INFO - [INGESTION] Latency: 2.5501 seconds
2025-06-16 01:11:47,489 - INFO - [INGESTION] Throughput: 0.00 items/s
2025-06-16 01:11:47,489 - INFO - [INGESTION] Items processed: 0 new items
2025-06-16 01:11:47,490 - INFO - [INGESTION] CPU Usage: 1.4%
2025-06-16 01:11:47,490 - INFO - [INGESTION] Memory Usage: 4.1%
2025-06-16 01:11:47,556 - INFO - [INGESTION] GPU 0 Usage: 0.0%
2025-06-16 01:11:47,556 - INFO - [INGESTION] GPU 0 Memory: 15.8%
2025-06-16 01:11:47,556 - INFO - [INGESTION] GPU 1 Usage: 0.0%
2025-06-16 01:11:47,556 - INFO - [INGESTION] GPU 1 Memory: 0.0%
2025-06-16 01:11:47,556 - INFO - [INGESTION] GPU 2 Usage: 0.0%
2025-06-16 01:11:47,556 - INFO - [INGESTION] GPU 2 Memory: 0.0%
2025-06-16 01:11:47,557 - INFO - [INGESTION] GPU 3 Usage: 0.0%
2025-06-16 01:11:47,557 - INFO - [INGESTION] GPU 3 Memory: 0.0%
