2025-06-15 20:45:58,820 - INFO - [STARTUP] Latency: 7.9726 seconds
2025-06-15 20:45:58,820 - INFO - [STARTUP] Throughput: 1.00 items/s
2025-06-15 20:45:58,820 - INFO - [STARTUP] Items processed: 8 items
2025-06-15 20:45:58,821 - INFO - [STARTUP] CPU Usage: 12.5%
2025-06-15 20:45:58,821 - INFO - [STARTUP] Memory Usage: 4.1%
2025-06-15 20:45:58,874 - INFO - [STARTUP] GPU 0 Usage: 93.0%
2025-06-15 20:45:58,874 - INFO - [STARTUP] GPU 0 Memory: 15.6%
2025-06-15 20:45:58,874 - INFO - [STARTUP] GPU 1 Usage: 0.0%
2025-06-15 20:45:58,874 - INFO - [STARTUP] GPU 1 Memory: 0.0%
2025-06-15 20:45:58,874 - INFO - [STARTUP] GPU 2 Usage: 0.0%
2025-06-15 20:45:58,874 - INFO - [STARTUP] GPU 2 Memory: 0.0%
2025-06-15 20:45:58,874 - INFO - [STARTUP] GPU 3 Usage: 0.0%
2025-06-15 20:45:58,874 - INFO - [STARTUP] GPU 3 Memory: 0.0%
2025-06-15 20:46:01,205 - INFO - [INGESTION] Latency: 2.3306 seconds
2025-06-15 20:46:01,205 - INFO - [INGESTION] Throughput: 0.00 items/s
2025-06-15 20:46:01,205 - INFO - [INGESTION] Items processed: 0 new items
2025-06-15 20:46:01,205 - INFO - [INGESTION] CPU Usage: 2.1%
2025-06-15 20:46:01,205 - INFO - [INGESTION] Memory Usage: 4.1%
2025-06-15 20:46:01,283 - INFO - [INGESTION] GPU 0 Usage: 0.0%
2025-06-15 20:46:01,283 - INFO - [INGESTION] GPU 0 Memory: 15.6%
2025-06-15 20:46:01,283 - INFO - [INGESTION] GPU 1 Usage: 0.0%
2025-06-15 20:46:01,283 - INFO - [INGESTION] GPU 1 Memory: 0.0%
2025-06-15 20:46:01,283 - INFO - [INGESTION] GPU 2 Usage: 0.0%
2025-06-15 20:46:01,283 - INFO - [INGESTION] GPU 2 Memory: 0.0%
2025-06-15 20:46:01,283 - INFO - [INGESTION] GPU 3 Usage: 0.0%
2025-06-15 20:46:01,283 - INFO - [INGESTION] GPU 3 Memory: 0.0%
2025-06-15 20:46:05,175 - INFO - [/RETRIEVE-ALL] Latency: 0.0000 seconds
2025-06-15 20:46:05,175 - INFO - [/RETRIEVE-ALL] Throughput: 1937025.80 items/s
2025-06-15 20:46:05,175 - INFO - [/RETRIEVE-ALL] Items returned: 20 items
2025-06-15 20:46:05,175 - INFO - [/RETRIEVE-ALL] CPU Usage: 0.0%
2025-06-15 20:46:05,175 - INFO - [/RETRIEVE-ALL] Memory Usage: 4.6%
2025-06-15 20:46:05,230 - INFO - [/RETRIEVE-ALL] GPU 0 Usage: 0.0%
2025-06-15 20:46:05,230 - INFO - [/RETRIEVE-ALL] GPU 0 Memory: 15.6%
2025-06-15 20:46:05,230 - INFO - [/RETRIEVE-ALL] GPU 1 Usage: 0.0%
2025-06-15 20:46:05,230 - INFO - [/RETRIEVE-ALL] GPU 1 Memory: 0.0%
2025-06-15 20:46:05,230 - INFO - [/RETRIEVE-ALL] GPU 2 Usage: 0.0%
2025-06-15 20:46:05,230 - INFO - [/RETRIEVE-ALL] GPU 2 Memory: 0.0%
2025-06-15 20:46:05,230 - INFO - [/RETRIEVE-ALL] GPU 3 Usage: 0.0%
2025-06-15 20:46:05,230 - INFO - [/RETRIEVE-ALL] GPU 3 Memory: 0.0%
2025-06-15 20:46:33,766 - INFO - [INGESTION] Latency: 2.4834 seconds
2025-06-15 20:46:33,767 - INFO - [INGESTION] Throughput: 0.00 items/s
2025-06-15 20:46:33,767 - INFO - [INGESTION] Items processed: 0 new items
2025-06-15 20:46:33,767 - INFO - [INGESTION] CPU Usage: 17.8%
2025-06-15 20:46:33,767 - INFO - [INGESTION] Memory Usage: 6.2%
2025-06-15 20:46:33,819 - INFO - [INGESTION] GPU 0 Usage: 7.0%
2025-06-15 20:46:33,819 - INFO - [INGESTION] GPU 0 Memory: 29.8%
2025-06-15 20:46:33,819 - INFO - [INGESTION] GPU 1 Usage: 18.0%
2025-06-15 20:46:33,819 - INFO - [INGESTION] GPU 1 Memory: 17.3%
2025-06-15 20:46:33,819 - INFO - [INGESTION] GPU 2 Usage: 18.0%
2025-06-15 20:46:33,819 - INFO - [INGESTION] GPU 2 Memory: 17.3%
2025-06-15 20:46:33,819 - INFO - [INGESTION] GPU 3 Usage: 25.0%
2025-06-15 20:46:33,819 - INFO - [INGESTION] GPU 3 Memory: 22.6%
