2025-06-16 01:00:44,755 - INFO - [STARTUP] Latency: 8.8000 seconds
2025-06-16 01:00:44,756 - INFO - [STARTUP] Throughput: 0.91 items/s
2025-06-16 01:00:44,756 - INFO - [STARTUP] Items processed: 8 items
2025-06-16 01:00:44,756 - INFO - [STARTUP] CPU Usage: 13.0%
2025-06-16 01:00:44,756 - INFO - [STARTUP] Memory Usage: 4.1%
2025-06-16 01:00:44,810 - INFO - [STARTUP] GPU 0 Usage: 94.0%
2025-06-16 01:00:44,810 - INFO - [STARTUP] GPU 0 Memory: 15.8%
2025-06-16 01:00:44,810 - INFO - [STARTUP] GPU 1 Usage: 0.0%
2025-06-16 01:00:44,810 - INFO - [STARTUP] GPU 1 Memory: 0.0%
2025-06-16 01:00:44,810 - INFO - [STARTUP] GPU 2 Usage: 0.0%
2025-06-16 01:00:44,810 - INFO - [STARTUP] GPU 2 Memory: 0.0%
2025-06-16 01:00:44,810 - INFO - [STARTUP] GPU 3 Usage: 0.0%
2025-06-16 01:00:44,810 - INFO - [STARTUP] GPU 3 Memory: 0.0%
2025-06-16 01:00:47,447 - INFO - [INGESTION] Latency: 2.6362 seconds
2025-06-16 01:00:47,447 - INFO - [INGESTION] Throughput: 0.00 items/s
2025-06-16 01:00:47,447 - INFO - [INGESTION] Items processed: 0 new items
2025-06-16 01:00:47,447 - INFO - [INGESTION] CPU Usage: 1.7%
2025-06-16 01:00:47,447 - INFO - [INGESTION] Memory Usage: 4.1%
2025-06-16 01:00:47,507 - INFO - [INGESTION] GPU 0 Usage: 0.0%
2025-06-16 01:00:47,507 - INFO - [INGESTION] GPU 0 Memory: 15.8%
2025-06-16 01:00:47,507 - INFO - [INGESTION] GPU 1 Usage: 0.0%
2025-06-16 01:00:47,507 - INFO - [INGESTION] GPU 1 Memory: 0.0%
2025-06-16 01:00:47,507 - INFO - [INGESTION] GPU 2 Usage: 0.0%
2025-06-16 01:00:47,507 - INFO - [INGESTION] GPU 2 Memory: 0.0%
2025-06-16 01:00:47,507 - INFO - [INGESTION] GPU 3 Usage: 0.0%
2025-06-16 01:00:47,507 - INFO - [INGESTION] GPU 3 Memory: 0.0%
