2025-06-15 19:18:36,159 - INFO - [STARTUP] Latency: 8.0935 seconds
2025-06-15 19:18:36,159 - INFO - [STARTUP] Throughput: 0.99 items/s
2025-06-15 19:18:36,159 - INFO - [STARTUP] Items processed: 8 items
2025-06-15 19:18:36,159 - INFO - [STARTUP] CPU Usage: 11.5%
2025-06-15 19:18:36,160 - INFO - [STARTUP] Memory Usage: 4.2%
2025-06-15 19:18:36,196 - INFO - [STARTUP] GPU 0 Usage: 93.0%
2025-06-15 19:18:36,196 - INFO - [STARTUP] GPU 0 Memory: 15.6%
2025-06-15 19:18:36,196 - INFO - [STARTUP] GPU 1 Usage: 0.0%
2025-06-15 19:18:36,196 - INFO - [STARTUP] GPU 1 Memory: 0.0%
2025-06-15 19:18:36,197 - INFO - [STARTUP] GPU 2 Usage: 0.0%
2025-06-15 19:18:36,197 - INFO - [STARTUP] GPU 2 Memory: 0.0%
2025-06-15 19:18:36,197 - INFO - [STARTUP] GPU 3 Usage: 0.0%
2025-06-15 19:18:36,197 - INFO - [STARTUP] GPU 3 Memory: 0.0%
2025-06-15 19:18:38,837 - INFO - [INGESTION] Latency: 2.6403 seconds
2025-06-15 19:18:38,837 - INFO - [INGESTION] Throughput: 0.00 items/s
2025-06-15 19:18:38,837 - INFO - [INGESTION] Items processed: 0 new items
2025-06-15 19:18:38,838 - INFO - [INGESTION] CPU Usage: 2.4%
2025-06-15 19:18:38,838 - INFO - [INGESTION] Memory Usage: 4.2%
2025-06-15 19:18:38,894 - INFO - [INGESTION] GPU 0 Usage: 0.0%
2025-06-15 19:18:38,894 - INFO - [INGESTION] GPU 0 Memory: 15.6%
2025-06-15 19:18:38,894 - INFO - [INGESTION] GPU 1 Usage: 0.0%
2025-06-15 19:18:38,894 - INFO - [INGESTION] GPU 1 Memory: 0.0%
2025-06-15 19:18:38,894 - INFO - [INGESTION] GPU 2 Usage: 0.0%
2025-06-15 19:18:38,895 - INFO - [INGESTION] GPU 2 Memory: 0.0%
2025-06-15 19:18:38,895 - INFO - [INGESTION] GPU 3 Usage: 0.0%
2025-06-15 19:18:38,895 - INFO - [INGESTION] GPU 3 Memory: 0.0%
2025-06-15 19:19:11,273 - INFO - [INGESTION] Latency: 2.3778 seconds
2025-06-15 19:19:11,273 - INFO - [INGESTION] Throughput: 0.00 items/s
2025-06-15 19:19:11,273 - INFO - [INGESTION] Items processed: 0 new items
2025-06-15 19:19:11,273 - INFO - [INGESTION] CPU Usage: 1.0%
2025-06-15 19:19:11,273 - INFO - [INGESTION] Memory Usage: 4.2%
2025-06-15 19:19:11,335 - INFO - [INGESTION] GPU 0 Usage: 0.0%
2025-06-15 19:19:11,335 - INFO - [INGESTION] GPU 0 Memory: 15.6%
2025-06-15 19:19:11,335 - INFO - [INGESTION] GPU 1 Usage: 0.0%
2025-06-15 19:19:11,335 - INFO - [INGESTION] GPU 1 Memory: 0.0%
2025-06-15 19:19:11,335 - INFO - [INGESTION] GPU 2 Usage: 0.0%
2025-06-15 19:19:11,335 - INFO - [INGESTION] GPU 2 Memory: 0.0%
2025-06-15 19:19:11,335 - INFO - [INGESTION] GPU 3 Usage: 0.0%
2025-06-15 19:19:11,335 - INFO - [INGESTION] GPU 3 Memory: 0.0%
2025-06-15 19:19:43,662 - INFO - [INGESTION] Latency: 2.3266 seconds
2025-06-15 19:19:43,662 - INFO - [INGESTION] Throughput: 0.00 items/s
2025-06-15 19:19:43,662 - INFO - [INGESTION] Items processed: 0 new items
2025-06-15 19:19:43,662 - INFO - [INGESTION] CPU Usage: 0.6%
2025-06-15 19:19:43,662 - INFO - [INGESTION] Memory Usage: 4.2%
2025-06-15 19:19:43,724 - INFO - [INGESTION] GPU 0 Usage: 0.0%
2025-06-15 19:19:43,724 - INFO - [INGESTION] GPU 0 Memory: 15.6%
2025-06-15 19:19:43,724 - INFO - [INGESTION] GPU 1 Usage: 0.0%
2025-06-15 19:19:43,724 - INFO - [INGESTION] GPU 1 Memory: 0.0%
2025-06-15 19:19:43,724 - INFO - [INGESTION] GPU 2 Usage: 0.0%
2025-06-15 19:19:43,725 - INFO - [INGESTION] GPU 2 Memory: 0.0%
2025-06-15 19:19:43,725 - INFO - [INGESTION] GPU 3 Usage: 0.0%
2025-06-15 19:19:43,725 - INFO - [INGESTION] GPU 3 Memory: 0.0%
2025-06-15 19:20:14,313 - INFO - [/RETRIEVE-ALL] Latency: 0.0000 seconds
2025-06-15 19:20:14,313 - INFO - [/RETRIEVE-ALL] Throughput: 1946462.71 items/s
2025-06-15 19:20:14,313 - INFO - [/RETRIEVE-ALL] Items returned: 20 items
2025-06-15 19:20:14,313 - INFO - [/RETRIEVE-ALL] CPU Usage: 0.0%
2025-06-15 19:20:14,313 - INFO - [/RETRIEVE-ALL] Memory Usage: 4.7%
2025-06-15 19:20:14,371 - INFO - [/RETRIEVE-ALL] GPU 0 Usage: 0.0%
2025-06-15 19:20:14,371 - INFO - [/RETRIEVE-ALL] GPU 0 Memory: 15.6%
2025-06-15 19:20:14,371 - INFO - [/RETRIEVE-ALL] GPU 1 Usage: 0.0%
2025-06-15 19:20:14,371 - INFO - [/RETRIEVE-ALL] GPU 1 Memory: 0.0%
2025-06-15 19:20:14,372 - INFO - [/RETRIEVE-ALL] GPU 2 Usage: 0.0%
2025-06-15 19:20:14,372 - INFO - [/RETRIEVE-ALL] GPU 2 Memory: 0.0%
2025-06-15 19:20:14,372 - INFO - [/RETRIEVE-ALL] GPU 3 Usage: 0.0%
2025-06-15 19:20:14,372 - INFO - [/RETRIEVE-ALL] GPU 3 Memory: 0.0%
2025-06-15 19:20:16,055 - INFO - [INGESTION] Latency: 2.3294 seconds
2025-06-15 19:20:16,055 - INFO - [INGESTION] Throughput: 0.00 items/s
2025-06-15 19:20:16,055 - INFO - [INGESTION] Items processed: 0 new items
2025-06-15 19:20:16,056 - INFO - [INGESTION] CPU Usage: 2.4%
2025-06-15 19:20:16,056 - INFO - [INGESTION] Memory Usage: 4.2%
2025-06-15 19:20:16,093 - INFO - [INGESTION] GPU 0 Usage: 0.0%
2025-06-15 19:20:16,093 - INFO - [INGESTION] GPU 0 Memory: 15.6%
2025-06-15 19:20:16,093 - INFO - [INGESTION] GPU 1 Usage: 0.0%
2025-06-15 19:20:16,093 - INFO - [INGESTION] GPU 1 Memory: 0.0%
2025-06-15 19:20:16,093 - INFO - [INGESTION] GPU 2 Usage: 0.0%
2025-06-15 19:20:16,093 - INFO - [INGESTION] GPU 2 Memory: 0.0%
2025-06-15 19:20:16,093 - INFO - [INGESTION] GPU 3 Usage: 0.0%
2025-06-15 19:20:16,094 - INFO - [INGESTION] GPU 3 Memory: 0.0%
2025-06-15 19:20:42,703 - INFO - [/RETRIEVE-ALL] Latency: 0.0000 seconds
2025-06-15 19:20:42,703 - INFO - [/RETRIEVE-ALL] Throughput: 2612351.62 items/s
2025-06-15 19:20:42,703 - INFO - [/RETRIEVE-ALL] Items returned: 20 items
2025-06-15 19:20:42,704 - INFO - [/RETRIEVE-ALL] CPU Usage: 2.6%
2025-06-15 19:20:42,704 - INFO - [/RETRIEVE-ALL] Memory Usage: 4.7%
2025-06-15 19:20:42,759 - INFO - [/RETRIEVE-ALL] GPU 0 Usage: 0.0%
2025-06-15 19:20:42,759 - INFO - [/RETRIEVE-ALL] GPU 0 Memory: 15.6%
2025-06-15 19:20:42,759 - INFO - [/RETRIEVE-ALL] GPU 1 Usage: 0.0%
2025-06-15 19:20:42,759 - INFO - [/RETRIEVE-ALL] GPU 1 Memory: 0.0%
2025-06-15 19:20:42,759 - INFO - [/RETRIEVE-ALL] GPU 2 Usage: 0.0%
2025-06-15 19:20:42,760 - INFO - [/RETRIEVE-ALL] GPU 2 Memory: 0.0%
2025-06-15 19:20:42,760 - INFO - [/RETRIEVE-ALL] GPU 3 Usage: 0.0%
2025-06-15 19:20:42,760 - INFO - [/RETRIEVE-ALL] GPU 3 Memory: 0.0%
2025-06-15 19:20:48,603 - INFO - [INGESTION] Latency: 2.5094 seconds
2025-06-15 19:20:48,603 - INFO - [INGESTION] Throughput: 0.00 items/s
2025-06-15 19:20:48,603 - INFO - [INGESTION] Items processed: 0 new items
2025-06-15 19:20:48,603 - INFO - [INGESTION] CPU Usage: 2.4%
2025-06-15 19:20:48,603 - INFO - [INGESTION] Memory Usage: 4.2%
2025-06-15 19:20:48,660 - INFO - [INGESTION] GPU 0 Usage: 0.0%
2025-06-15 19:20:48,660 - INFO - [INGESTION] GPU 0 Memory: 15.6%
2025-06-15 19:20:48,660 - INFO - [INGESTION] GPU 1 Usage: 0.0%
2025-06-15 19:20:48,660 - INFO - [INGESTION] GPU 1 Memory: 0.0%
2025-06-15 19:20:48,660 - INFO - [INGESTION] GPU 2 Usage: 0.0%
2025-06-15 19:20:48,660 - INFO - [INGESTION] GPU 2 Memory: 0.0%
2025-06-15 19:20:48,660 - INFO - [INGESTION] GPU 3 Usage: 0.0%
2025-06-15 19:20:48,660 - INFO - [INGESTION] GPU 3 Memory: 0.0%
2025-06-15 19:21:21,557 - INFO - [INGESTION] Latency: 2.8970 seconds
2025-06-15 19:21:21,557 - INFO - [INGESTION] Throughput: 0.00 items/s
2025-06-15 19:21:21,557 - INFO - [INGESTION] Items processed: 0 new items
2025-06-15 19:21:21,558 - INFO - [INGESTION] CPU Usage: 0.6%
2025-06-15 19:21:21,558 - INFO - [INGESTION] Memory Usage: 4.2%
2025-06-15 19:21:21,621 - INFO - [INGESTION] GPU 0 Usage: 0.0%
2025-06-15 19:21:21,622 - INFO - [INGESTION] GPU 0 Memory: 15.6%
2025-06-15 19:21:21,622 - INFO - [INGESTION] GPU 1 Usage: 0.0%
2025-06-15 19:21:21,622 - INFO - [INGESTION] GPU 1 Memory: 0.0%
2025-06-15 19:21:21,622 - INFO - [INGESTION] GPU 2 Usage: 0.0%
2025-06-15 19:21:21,622 - INFO - [INGESTION] GPU 2 Memory: 0.0%
2025-06-15 19:21:21,622 - INFO - [INGESTION] GPU 3 Usage: 0.0%
2025-06-15 19:21:21,622 - INFO - [INGESTION] GPU 3 Memory: 0.0%
