2025-06-16 00:18:48,834 - INFO - [/RETRIEVE] Latency: 0.0000 seconds
2025-06-16 00:18:48,834 - INFO - [/RETRIEVE] Throughput: 0.00 items/s
2025-06-16 00:18:48,834 - INFO - [/RETRIEVE] Items returned: 0 items
2025-06-16 00:18:48,834 - INFO - [/RETRIEVE] CPU Usage: 100.0%
2025-06-16 00:18:48,834 - INFO - [/RETRIEVE] Memory Usage: 3.4%
2025-06-16 00:18:48,895 - INFO - [/RETRIEVE] GPU 0 Usage: 0.0%
2025-06-16 00:18:48,896 - INFO - [/RETRIEVE] GPU 0 Memory: 0.0%
2025-06-16 00:18:48,896 - INFO - [/RETRIEVE] GPU 1 Usage: 0.0%
2025-06-16 00:18:48,896 - INFO - [/RETRIEVE] GPU 1 Memory: 0.0%
2025-06-16 00:18:48,896 - INFO - [/RETRIEVE] GPU 2 Usage: 0.0%
2025-06-16 00:18:48,896 - INFO - [/RETRIEVE] GPU 2 Memory: 0.0%
2025-06-16 00:18:48,896 - INFO - [/RETRIEVE] GPU 3 Usage: 0.0%
2025-06-16 00:18:48,896 - INFO - [/RETRIEVE] GPU 3 Memory: 0.0%
2025-06-16 00:18:48,902 - INFO - [/INGEST] Latency: 0.0002 seconds
2025-06-16 00:18:48,902 - INFO - [/INGEST] Throughput: 4683.32 items/s
2025-06-16 00:18:48,902 - INFO - [/INGEST] Items processed: 1 new items
2025-06-16 00:18:48,902 - INFO - [/INGEST] CPU Usage: 3.7%
2025-06-16 00:18:48,903 - INFO - [/INGEST] Memory Usage: 3.4%
2025-06-16 00:18:48,990 - INFO - [/INGEST] GPU 0 Usage: 0.0%
2025-06-16 00:18:48,990 - INFO - [/INGEST] GPU 0 Memory: 0.0%
2025-06-16 00:18:48,990 - INFO - [/INGEST] GPU 1 Usage: 0.0%
2025-06-16 00:18:48,990 - INFO - [/INGEST] GPU 1 Memory: 0.0%
2025-06-16 00:18:48,990 - INFO - [/INGEST] GPU 2 Usage: 0.0%
2025-06-16 00:18:48,990 - INFO - [/INGEST] GPU 2 Memory: 0.0%
2025-06-16 00:18:48,991 - INFO - [/INGEST] GPU 3 Usage: 0.0%
2025-06-16 00:18:48,991 - INFO - [/INGEST] GPU 3 Memory: 0.0%
2025-06-16 00:18:48,994 - INFO - [/RETRIEVE-ALL] Latency: 0.0000 seconds
2025-06-16 00:18:48,994 - INFO - [/RETRIEVE-ALL] Throughput: 0.00 items/s
2025-06-16 00:18:48,994 - INFO - [/RETRIEVE-ALL] Items returned: 0 items
2025-06-16 00:18:48,994 - INFO - [/RETRIEVE-ALL] CPU Usage: 9.7%
2025-06-16 00:18:48,994 - INFO - [/RETRIEVE-ALL] Memory Usage: 3.4%
2025-06-16 00:18:49,033 - INFO - [/RETRIEVE-ALL] GPU 0 Usage: 0.0%
2025-06-16 00:18:49,033 - INFO - [/RETRIEVE-ALL] GPU 0 Memory: 0.0%
2025-06-16 00:18:49,033 - INFO - [/RETRIEVE-ALL] GPU 1 Usage: 0.0%
2025-06-16 00:18:49,033 - INFO - [/RETRIEVE-ALL] GPU 1 Memory: 0.0%
2025-06-16 00:18:49,033 - INFO - [/RETRIEVE-ALL] GPU 2 Usage: 0.0%
2025-06-16 00:18:49,033 - INFO - [/RETRIEVE-ALL] GPU 2 Memory: 0.0%
2025-06-16 00:18:49,033 - INFO - [/RETRIEVE-ALL] GPU 3 Usage: 0.0%
2025-06-16 00:18:49,033 - INFO - [/RETRIEVE-ALL] GPU 3 Memory: 0.0%
