2025-06-15 20:15:30,349 - INFO - [/INGEST] Latency: 0.0002 seconds
2025-06-15 20:15:30,350 - INFO - [/INGEST] Throughput: 9936.75 items/s
2025-06-15 20:15:30,350 - INFO - [/INGEST] Items processed: 2 new items
2025-06-15 20:15:30,350 - INFO - [/INGEST] CPU Usage: 0.0%
2025-06-15 20:15:30,350 - INFO - [/INGEST] Memory Usage: 3.4%
2025-06-15 20:15:30,408 - INFO - [/INGEST] GPU 0 Usage: 0.0%
2025-06-15 20:15:30,408 - INFO - [/INGEST] GPU 0 Memory: 0.0%
2025-06-15 20:15:30,408 - INFO - [/INGEST] GPU 1 Usage: 0.0%
2025-06-15 20:15:30,408 - INFO - [/INGEST] GPU 1 Memory: 0.0%
2025-06-15 20:15:30,408 - INFO - [/INGEST] GPU 2 Usage: 0.0%
2025-06-15 20:15:30,408 - INFO - [/INGEST] GPU 2 Memory: 0.0%
2025-06-15 20:15:30,409 - INFO - [/INGEST] GPU 3 Usage: 0.0%
2025-06-15 20:15:30,409 - INFO - [/INGEST] GPU 3 Memory: 0.0%
2025-06-15 20:15:30,414 - INFO - [/INGEST] Latency: 0.0004 seconds
2025-06-15 20:15:30,414 - INFO - [/INGEST] Throughput: 8160.11 items/s
2025-06-15 20:15:30,414 - INFO - [/INGEST] Items processed: 3 new items
2025-06-15 20:15:30,415 - INFO - [/INGEST] CPU Usage: 7.5%
2025-06-15 20:15:30,415 - INFO - [/INGEST] Memory Usage: 3.3%
2025-06-15 20:15:30,477 - INFO - [/INGEST] GPU 0 Usage: 0.0%
2025-06-15 20:15:30,477 - INFO - [/INGEST] GPU 0 Memory: 0.0%
2025-06-15 20:15:30,477 - INFO - [/INGEST] GPU 1 Usage: 0.0%
2025-06-15 20:15:30,477 - INFO - [/INGEST] GPU 1 Memory: 0.0%
2025-06-15 20:15:30,477 - INFO - [/INGEST] GPU 2 Usage: 0.0%
2025-06-15 20:15:30,478 - INFO - [/INGEST] GPU 2 Memory: 0.0%
2025-06-15 20:15:30,478 - INFO - [/INGEST] GPU 3 Usage: 0.0%
2025-06-15 20:15:30,478 - INFO - [/INGEST] GPU 3 Memory: 0.0%
2025-06-15 20:15:30,480 - INFO - [/RETRIEVE] Latency: 0.0000 seconds
2025-06-15 20:15:30,480 - INFO - [/RETRIEVE] Throughput: 184478.52 items/s
2025-06-15 20:15:30,480 - INFO - [/RETRIEVE] Items returned: 3 items
2025-06-15 20:15:30,481 - INFO - [/RETRIEVE] CPU Usage: 5.7%
2025-06-15 20:15:30,481 - INFO - [/RETRIEVE] Memory Usage: 3.3%
2025-06-15 20:15:30,535 - INFO - [/RETRIEVE] GPU 0 Usage: 0.0%
2025-06-15 20:15:30,535 - INFO - [/RETRIEVE] GPU 0 Memory: 0.0%
2025-06-15 20:15:30,535 - INFO - [/RETRIEVE] GPU 1 Usage: 0.0%
2025-06-15 20:15:30,536 - INFO - [/RETRIEVE] GPU 1 Memory: 0.0%
2025-06-15 20:15:30,536 - INFO - [/RETRIEVE] GPU 2 Usage: 0.0%
2025-06-15 20:15:30,536 - INFO - [/RETRIEVE] GPU 2 Memory: 0.0%
2025-06-15 20:15:30,536 - INFO - [/RETRIEVE] GPU 3 Usage: 0.0%
2025-06-15 20:15:30,537 - INFO - [/RETRIEVE] GPU 3 Memory: 0.0%
2025-06-15 20:15:30,547 - INFO - [/INGEST] Latency: 0.0001 seconds
2025-06-15 20:15:30,547 - INFO - [/INGEST] Throughput: 10403.77 items/s
2025-06-15 20:15:30,547 - INFO - [/INGEST] Items processed: 1 new items
2025-06-15 20:15:30,547 - INFO - [/INGEST] CPU Usage: 9.4%
2025-06-15 20:15:30,547 - INFO - [/INGEST] Memory Usage: 3.3%
2025-06-15 20:15:30,585 - INFO - [/INGEST] GPU 0 Usage: 0.0%
2025-06-15 20:15:30,585 - INFO - [/INGEST] GPU 0 Memory: 0.0%
2025-06-15 20:15:30,585 - INFO - [/INGEST] GPU 1 Usage: 0.0%
2025-06-15 20:15:30,585 - INFO - [/INGEST] GPU 1 Memory: 0.0%
2025-06-15 20:15:30,585 - INFO - [/INGEST] GPU 2 Usage: 0.0%
2025-06-15 20:15:30,585 - INFO - [/INGEST] GPU 2 Memory: 0.0%
2025-06-15 20:15:30,585 - INFO - [/INGEST] GPU 3 Usage: 0.0%
2025-06-15 20:15:30,585 - INFO - [/INGEST] GPU 3 Memory: 0.0%
2025-06-15 20:15:30,587 - INFO - [/INGEST] Latency: 0.0000 seconds
2025-06-15 20:15:30,587 - INFO - [/INGEST] Throughput: 0.00 items/s
2025-06-15 20:15:30,587 - INFO - [/INGEST] Items processed: 0 new items
2025-06-15 20:15:30,588 - INFO - [/INGEST] CPU Usage: 3.2%
2025-06-15 20:15:30,588 - INFO - [/INGEST] Memory Usage: 3.3%
2025-06-15 20:15:30,679 - INFO - [/INGEST] GPU 0 Usage: 0.0%
2025-06-15 20:15:30,679 - INFO - [/INGEST] GPU 0 Memory: 0.0%
2025-06-15 20:15:30,679 - INFO - [/INGEST] GPU 1 Usage: 0.0%
2025-06-15 20:15:30,679 - INFO - [/INGEST] GPU 1 Memory: 0.0%
2025-06-15 20:15:30,679 - INFO - [/INGEST] GPU 2 Usage: 0.0%
2025-06-15 20:15:30,680 - INFO - [/INGEST] GPU 2 Memory: 0.0%
2025-06-15 20:15:30,680 - INFO - [/INGEST] GPU 3 Usage: 0.0%
2025-06-15 20:15:30,680 - INFO - [/INGEST] GPU 3 Memory: 0.0%
2025-06-15 20:15:30,687 - INFO - [/RETRIEVE] Latency: 0.0000 seconds
2025-06-15 20:15:30,687 - INFO - [/RETRIEVE] Throughput: 143714.09 items/s
2025-06-15 20:15:30,687 - INFO - [/RETRIEVE] Items returned: 4 items
2025-06-15 20:15:30,688 - INFO - [/RETRIEVE] CPU Usage: 8.7%
2025-06-15 20:15:30,688 - INFO - [/RETRIEVE] Memory Usage: 3.4%
2025-06-15 20:15:30,745 - INFO - [/RETRIEVE] GPU 0 Usage: 0.0%
2025-06-15 20:15:30,745 - INFO - [/RETRIEVE] GPU 0 Memory: 0.0%
2025-06-15 20:15:30,745 - INFO - [/RETRIEVE] GPU 1 Usage: 0.0%
2025-06-15 20:15:30,745 - INFO - [/RETRIEVE] GPU 1 Memory: 0.0%
2025-06-15 20:15:30,745 - INFO - [/RETRIEVE] GPU 2 Usage: 0.0%
2025-06-15 20:15:30,746 - INFO - [/RETRIEVE] GPU 2 Memory: 0.0%
2025-06-15 20:15:30,746 - INFO - [/RETRIEVE] GPU 3 Usage: 0.0%
2025-06-15 20:15:30,746 - INFO - [/RETRIEVE] GPU 3 Memory: 0.0%
2025-06-15 20:15:32,683 - INFO - [/RETRIEVE] Latency: 0.0000 seconds
2025-06-15 20:15:32,683 - INFO - [/RETRIEVE] Throughput: 328839.09 items/s
2025-06-15 20:15:32,683 - INFO - [/RETRIEVE] Items returned: 6 items
2025-06-15 20:15:32,683 - INFO - [/RETRIEVE] CPU Usage: 0.0%
2025-06-15 20:15:32,683 - INFO - [/RETRIEVE] Memory Usage: 4.1%
2025-06-15 20:15:32,738 - INFO - [/RETRIEVE] GPU 0 Usage: 93.0%
2025-06-15 20:15:32,738 - INFO - [/RETRIEVE] GPU 0 Memory: 15.5%
2025-06-15 20:15:32,738 - INFO - [/RETRIEVE] GPU 1 Usage: 0.0%
2025-06-15 20:15:32,738 - INFO - [/RETRIEVE] GPU 1 Memory: 0.0%
2025-06-15 20:15:32,738 - INFO - [/RETRIEVE] GPU 2 Usage: 0.0%
2025-06-15 20:15:32,738 - INFO - [/RETRIEVE] GPU 2 Memory: 0.0%
2025-06-15 20:15:32,738 - INFO - [/RETRIEVE] GPU 3 Usage: 0.0%
2025-06-15 20:15:32,738 - INFO - [/RETRIEVE] GPU 3 Memory: 0.0%
2025-06-15 20:15:32,743 - INFO - [/RETRIEVE] Latency: 0.0000 seconds
2025-06-15 20:15:32,743 - INFO - [/RETRIEVE] Throughput: 255200.90 items/s
2025-06-15 20:15:32,743 - INFO - [/RETRIEVE] Items returned: 4 items
2025-06-15 20:15:32,743 - INFO - [/RETRIEVE] CPU Usage: 6.1%
2025-06-15 20:15:32,743 - INFO - [/RETRIEVE] Memory Usage: 4.1%
2025-06-15 20:15:32,822 - INFO - [/RETRIEVE] GPU 0 Usage: 59.0%
2025-06-15 20:15:32,822 - INFO - [/RETRIEVE] GPU 0 Memory: 15.5%
2025-06-15 20:15:32,823 - INFO - [/RETRIEVE] GPU 1 Usage: 0.0%
2025-06-15 20:15:32,823 - INFO - [/RETRIEVE] GPU 1 Memory: 0.0%
2025-06-15 20:15:32,823 - INFO - [/RETRIEVE] GPU 2 Usage: 0.0%
2025-06-15 20:15:32,823 - INFO - [/RETRIEVE] GPU 2 Memory: 0.0%
2025-06-15 20:15:32,823 - INFO - [/RETRIEVE] GPU 3 Usage: 0.0%
2025-06-15 20:15:32,823 - INFO - [/RETRIEVE] GPU 3 Memory: 0.0%
2025-06-15 20:15:33,330 - INFO - [/RETRIEVE] Latency: 0.0000 seconds
2025-06-15 20:15:33,330 - INFO - [/RETRIEVE] Throughput: 322598.38 items/s
2025-06-15 20:15:33,330 - INFO - [/RETRIEVE] Items returned: 6 items
2025-06-15 20:15:33,330 - INFO - [/RETRIEVE] CPU Usage: 11.9%
2025-06-15 20:15:33,330 - INFO - [/RETRIEVE] Memory Usage: 4.1%
2025-06-15 20:15:33,367 - INFO - [/RETRIEVE] GPU 0 Usage: 93.0%
2025-06-15 20:15:33,367 - INFO - [/RETRIEVE] GPU 0 Memory: 15.5%
2025-06-15 20:15:33,367 - INFO - [/RETRIEVE] GPU 1 Usage: 0.0%
2025-06-15 20:15:33,367 - INFO - [/RETRIEVE] GPU 1 Memory: 0.0%
2025-06-15 20:15:33,367 - INFO - [/RETRIEVE] GPU 2 Usage: 0.0%
2025-06-15 20:15:33,367 - INFO - [/RETRIEVE] GPU 2 Memory: 0.0%
2025-06-15 20:15:33,367 - INFO - [/RETRIEVE] GPU 3 Usage: 0.0%
2025-06-15 20:15:33,367 - INFO - [/RETRIEVE] GPU 3 Memory: 0.0%
2025-06-15 20:15:33,373 - INFO - [/RETRIEVE] Latency: 0.0000 seconds
2025-06-15 20:15:33,373 - INFO - [/RETRIEVE] Throughput: 337552.94 items/s
2025-06-15 20:15:33,373 - INFO - [/RETRIEVE] Items returned: 6 items
2025-06-15 20:15:33,374 - INFO - [/RETRIEVE] CPU Usage: 8.3%
2025-06-15 20:15:33,374 - INFO - [/RETRIEVE] Memory Usage: 4.1%
2025-06-15 20:15:33,439 - INFO - [/RETRIEVE] GPU 0 Usage: 46.0%
2025-06-15 20:15:33,440 - INFO - [/RETRIEVE] GPU 0 Memory: 15.5%
2025-06-15 20:15:33,440 - INFO - [/RETRIEVE] GPU 1 Usage: 0.0%
2025-06-15 20:15:33,440 - INFO - [/RETRIEVE] GPU 1 Memory: 0.0%
2025-06-15 20:15:33,440 - INFO - [/RETRIEVE] GPU 2 Usage: 0.0%
2025-06-15 20:15:33,440 - INFO - [/RETRIEVE] GPU 2 Memory: 0.0%
2025-06-15 20:15:33,440 - INFO - [/RETRIEVE] GPU 3 Usage: 0.0%
2025-06-15 20:15:33,440 - INFO - [/RETRIEVE] GPU 3 Memory: 0.0%
2025-06-15 20:15:33,444 - INFO - [/INGEST] Latency: 0.0001 seconds
2025-06-15 20:15:33,444 - INFO - [/INGEST] Throughput: 7749.00 items/s
2025-06-15 20:15:33,444 - INFO - [/INGEST] Items processed: 1 new items
2025-06-15 20:15:33,444 - INFO - [/INGEST] CPU Usage: 5.4%
2025-06-15 20:15:33,444 - INFO - [/INGEST] Memory Usage: 4.1%
2025-06-15 20:15:33,485 - INFO - [/INGEST] GPU 0 Usage: 46.0%
2025-06-15 20:15:33,485 - INFO - [/INGEST] GPU 0 Memory: 15.5%
2025-06-15 20:15:33,485 - INFO - [/INGEST] GPU 1 Usage: 0.0%
2025-06-15 20:15:33,485 - INFO - [/INGEST] GPU 1 Memory: 0.0%
2025-06-15 20:15:33,485 - INFO - [/INGEST] GPU 2 Usage: 0.0%
2025-06-15 20:15:33,485 - INFO - [/INGEST] GPU 2 Memory: 0.0%
2025-06-15 20:15:33,485 - INFO - [/INGEST] GPU 3 Usage: 0.0%
2025-06-15 20:15:33,485 - INFO - [/INGEST] GPU 3 Memory: 0.0%
