2025-06-15 20:12:37,478 - INFO - [/INGEST] Latency: 0.0002 seconds
2025-06-15 20:12:37,478 - INFO - [/INGEST] Throughput: 10265.83 items/s
2025-06-15 20:12:37,478 - INFO - [/INGEST] Items processed: 2 new items
2025-06-15 20:12:37,479 - INFO - [/INGEST] CPU Usage: 0.0%
2025-06-15 20:12:37,479 - INFO - [/INGEST] Memory Usage: 3.3%
2025-06-15 20:12:37,535 - INFO - [/INGEST] GPU 0 Usage: 0.0%
2025-06-15 20:12:37,535 - INFO - [/INGEST] GPU 0 Memory: 0.0%
2025-06-15 20:12:37,536 - INFO - [/INGEST] GPU 1 Usage: 0.0%
2025-06-15 20:12:37,536 - INFO - [/INGEST] GPU 1 Memory: 0.0%
2025-06-15 20:12:37,536 - INFO - [/INGEST] GPU 2 Usage: 0.0%
2025-06-15 20:12:37,536 - INFO - [/INGEST] GPU 2 Memory: 0.0%
2025-06-15 20:12:37,536 - INFO - [/INGEST] GPU 3 Usage: 0.0%
2025-06-15 20:12:37,536 - INFO - [/INGEST] GPU 3 Memory: 0.0%
2025-06-15 20:12:37,541 - INFO - [/INGEST] Latency: 0.0003 seconds
2025-06-15 20:12:37,541 - INFO - [/INGEST] Throughput: 10800.69 items/s
2025-06-15 20:12:37,541 - INFO - [/INGEST] Items processed: 3 new items
2025-06-15 20:12:37,541 - INFO - [/INGEST] CPU Usage: 2.0%
2025-06-15 20:12:37,541 - INFO - [/INGEST] Memory Usage: 3.3%
2025-06-15 20:12:37,613 - INFO - [/INGEST] GPU 0 Usage: 0.0%
2025-06-15 20:12:37,613 - INFO - [/INGEST] GPU 0 Memory: 0.0%
2025-06-15 20:12:37,614 - INFO - [/INGEST] GPU 1 Usage: 0.0%
2025-06-15 20:12:37,614 - INFO - [/INGEST] GPU 1 Memory: 0.0%
2025-06-15 20:12:37,614 - INFO - [/INGEST] GPU 2 Usage: 0.0%
2025-06-15 20:12:37,614 - INFO - [/INGEST] GPU 2 Memory: 0.0%
2025-06-15 20:12:37,614 - INFO - [/INGEST] GPU 3 Usage: 0.0%
2025-06-15 20:12:37,614 - INFO - [/INGEST] GPU 3 Memory: 0.0%
2025-06-15 20:12:37,619 - INFO - [/RETRIEVE] Latency: 0.0000 seconds
2025-06-15 20:12:37,620 - INFO - [/RETRIEVE] Throughput: 101916.55 items/s
2025-06-15 20:12:37,620 - INFO - [/RETRIEVE] Items returned: 3 items
2025-06-15 20:12:37,620 - INFO - [/RETRIEVE] CPU Usage: 6.5%
2025-06-15 20:12:37,620 - INFO - [/RETRIEVE] Memory Usage: 3.3%
2025-06-15 20:12:37,674 - INFO - [/RETRIEVE] GPU 0 Usage: 0.0%
2025-06-15 20:12:37,674 - INFO - [/RETRIEVE] GPU 0 Memory: 0.0%
2025-06-15 20:12:37,675 - INFO - [/RETRIEVE] GPU 1 Usage: 0.0%
2025-06-15 20:12:37,675 - INFO - [/RETRIEVE] GPU 1 Memory: 0.0%
2025-06-15 20:12:37,675 - INFO - [/RETRIEVE] GPU 2 Usage: 0.0%
2025-06-15 20:12:37,675 - INFO - [/RETRIEVE] GPU 2 Memory: 0.0%
2025-06-15 20:12:37,675 - INFO - [/RETRIEVE] GPU 3 Usage: 0.0%
2025-06-15 20:12:37,675 - INFO - [/RETRIEVE] GPU 3 Memory: 0.0%
2025-06-15 20:12:37,682 - INFO - [/INGEST] Latency: 0.0004 seconds
2025-06-15 20:12:37,682 - INFO - [/INGEST] Throughput: 2698.70 items/s
2025-06-15 20:12:37,682 - INFO - [/INGEST] Items processed: 1 new items
2025-06-15 20:12:37,682 - INFO - [/INGEST] CPU Usage: 15.7%
2025-06-15 20:12:37,682 - INFO - [/INGEST] Memory Usage: 3.3%
2025-06-15 20:12:37,750 - INFO - [/INGEST] GPU 0 Usage: 0.0%
2025-06-15 20:12:37,751 - INFO - [/INGEST] GPU 0 Memory: 0.0%
2025-06-15 20:12:37,751 - INFO - [/INGEST] GPU 1 Usage: 0.0%
2025-06-15 20:12:37,751 - INFO - [/INGEST] GPU 1 Memory: 0.0%
2025-06-15 20:12:37,751 - INFO - [/INGEST] GPU 2 Usage: 0.0%
2025-06-15 20:12:37,751 - INFO - [/INGEST] GPU 2 Memory: 0.0%
2025-06-15 20:12:37,751 - INFO - [/INGEST] GPU 3 Usage: 0.0%
2025-06-15 20:12:37,751 - INFO - [/INGEST] GPU 3 Memory: 0.0%
2025-06-15 20:12:37,755 - INFO - [/INGEST] Latency: 0.0000 seconds
2025-06-15 20:12:37,756 - INFO - [/INGEST] Throughput: 0.00 items/s
2025-06-15 20:12:37,756 - INFO - [/INGEST] Items processed: 0 new items
2025-06-15 20:12:37,756 - INFO - [/INGEST] CPU Usage: 5.2%
2025-06-15 20:12:37,756 - INFO - [/INGEST] Memory Usage: 3.3%
2025-06-15 20:12:37,809 - INFO - [/INGEST] GPU 0 Usage: 0.0%
2025-06-15 20:12:37,810 - INFO - [/INGEST] GPU 0 Memory: 0.0%
2025-06-15 20:12:37,810 - INFO - [/INGEST] GPU 1 Usage: 0.0%
2025-06-15 20:12:37,810 - INFO - [/INGEST] GPU 1 Memory: 0.0%
2025-06-15 20:12:37,810 - INFO - [/INGEST] GPU 2 Usage: 0.0%
2025-06-15 20:12:37,810 - INFO - [/INGEST] GPU 2 Memory: 0.0%
2025-06-15 20:12:37,810 - INFO - [/INGEST] GPU 3 Usage: 0.0%
2025-06-15 20:12:37,810 - INFO - [/INGEST] GPU 3 Memory: 0.0%
2025-06-15 20:12:37,819 - INFO - [/RETRIEVE] Latency: 0.0000 seconds
2025-06-15 20:12:37,819 - INFO - [/RETRIEVE] Throughput: 102048.53 items/s
2025-06-15 20:12:37,819 - INFO - [/RETRIEVE] Items returned: 4 items
2025-06-15 20:12:37,820 - INFO - [/RETRIEVE] CPU Usage: 8.0%
2025-06-15 20:12:37,820 - INFO - [/RETRIEVE] Memory Usage: 3.3%
2025-06-15 20:12:37,910 - INFO - [/RETRIEVE] GPU 0 Usage: 0.0%
2025-06-15 20:12:37,911 - INFO - [/RETRIEVE] GPU 0 Memory: 0.0%
2025-06-15 20:12:37,911 - INFO - [/RETRIEVE] GPU 1 Usage: 0.0%
2025-06-15 20:12:37,911 - INFO - [/RETRIEVE] GPU 1 Memory: 0.0%
2025-06-15 20:12:37,911 - INFO - [/RETRIEVE] GPU 2 Usage: 0.0%
2025-06-15 20:12:37,911 - INFO - [/RETRIEVE] GPU 2 Memory: 0.0%
2025-06-15 20:12:37,911 - INFO - [/RETRIEVE] GPU 3 Usage: 0.0%
2025-06-15 20:12:37,911 - INFO - [/RETRIEVE] GPU 3 Memory: 0.0%
2025-06-15 20:12:39,807 - INFO - [/RETRIEVE] Latency: 0.0000 seconds
2025-06-15 20:12:39,807 - INFO - [/RETRIEVE] Throughput: 305235.40 items/s
2025-06-15 20:12:39,807 - INFO - [/RETRIEVE] Items returned: 6 items
2025-06-15 20:12:39,807 - INFO - [/RETRIEVE] CPU Usage: 0.0%
2025-06-15 20:12:39,807 - INFO - [/RETRIEVE] Memory Usage: 4.1%
2025-06-15 20:12:39,862 - INFO - [/RETRIEVE] GPU 0 Usage: 94.0%
2025-06-15 20:12:39,862 - INFO - [/RETRIEVE] GPU 0 Memory: 15.5%
2025-06-15 20:12:39,862 - INFO - [/RETRIEVE] GPU 1 Usage: 0.0%
2025-06-15 20:12:39,862 - INFO - [/RETRIEVE] GPU 1 Memory: 0.0%
2025-06-15 20:12:39,862 - INFO - [/RETRIEVE] GPU 2 Usage: 0.0%
2025-06-15 20:12:39,862 - INFO - [/RETRIEVE] GPU 2 Memory: 0.0%
2025-06-15 20:12:39,862 - INFO - [/RETRIEVE] GPU 3 Usage: 0.0%
2025-06-15 20:12:39,862 - INFO - [/RETRIEVE] GPU 3 Memory: 0.0%
2025-06-15 20:12:39,875 - INFO - [/RETRIEVE] Latency: 0.0000 seconds
2025-06-15 20:12:39,875 - INFO - [/RETRIEVE] Throughput: 200469.90 items/s
2025-06-15 20:12:39,875 - INFO - [/RETRIEVE] Items returned: 4 items
2025-06-15 20:12:39,875 - INFO - [/RETRIEVE] CPU Usage: 5.6%
2025-06-15 20:12:39,875 - INFO - [/RETRIEVE] Memory Usage: 4.1%
2025-06-15 20:12:39,984 - INFO - [/RETRIEVE] GPU 0 Usage: 24.0%
2025-06-15 20:12:39,984 - INFO - [/RETRIEVE] GPU 0 Memory: 15.5%
2025-06-15 20:12:39,984 - INFO - [/RETRIEVE] GPU 1 Usage: 0.0%
2025-06-15 20:12:39,985 - INFO - [/RETRIEVE] GPU 1 Memory: 0.0%
2025-06-15 20:12:39,985 - INFO - [/RETRIEVE] GPU 2 Usage: 0.0%
2025-06-15 20:12:39,985 - INFO - [/RETRIEVE] GPU 2 Memory: 0.0%
2025-06-15 20:12:39,985 - INFO - [/RETRIEVE] GPU 3 Usage: 0.0%
2025-06-15 20:12:39,985 - INFO - [/RETRIEVE] GPU 3 Memory: 0.0%
2025-06-15 20:12:40,493 - INFO - [/RETRIEVE] Latency: 0.0000 seconds
2025-06-15 20:12:40,493 - INFO - [/RETRIEVE] Throughput: 318590.18 items/s
2025-06-15 20:12:40,493 - INFO - [/RETRIEVE] Items returned: 6 items
2025-06-15 20:12:40,494 - INFO - [/RETRIEVE] CPU Usage: 11.6%
2025-06-15 20:12:40,494 - INFO - [/RETRIEVE] Memory Usage: 4.1%
2025-06-15 20:12:40,539 - INFO - [/RETRIEVE] GPU 0 Usage: 94.0%
2025-06-15 20:12:40,539 - INFO - [/RETRIEVE] GPU 0 Memory: 15.5%
2025-06-15 20:12:40,540 - INFO - [/RETRIEVE] GPU 1 Usage: 0.0%
2025-06-15 20:12:40,540 - INFO - [/RETRIEVE] GPU 1 Memory: 0.0%
2025-06-15 20:12:40,540 - INFO - [/RETRIEVE] GPU 2 Usage: 0.0%
2025-06-15 20:12:40,540 - INFO - [/RETRIEVE] GPU 2 Memory: 0.0%
2025-06-15 20:12:40,540 - INFO - [/RETRIEVE] GPU 3 Usage: 0.0%
2025-06-15 20:12:40,540 - INFO - [/RETRIEVE] GPU 3 Memory: 0.0%
2025-06-15 20:12:40,575 - INFO - [/RETRIEVE] Latency: 0.0001 seconds
2025-06-15 20:12:40,575 - INFO - [/RETRIEVE] Throughput: 100020.20 items/s
2025-06-15 20:12:40,576 - INFO - [/RETRIEVE] Items returned: 6 items
2025-06-15 20:12:40,576 - INFO - [/RETRIEVE] CPU Usage: 10.6%
2025-06-15 20:12:40,576 - INFO - [/RETRIEVE] Memory Usage: 4.1%
2025-06-15 20:12:40,641 - INFO - [/RETRIEVE] GPU 0 Usage: 32.0%
2025-06-15 20:12:40,642 - INFO - [/RETRIEVE] GPU 0 Memory: 15.5%
2025-06-15 20:12:40,642 - INFO - [/RETRIEVE] GPU 1 Usage: 0.0%
2025-06-15 20:12:40,642 - INFO - [/RETRIEVE] GPU 1 Memory: 0.0%
2025-06-15 20:12:40,642 - INFO - [/RETRIEVE] GPU 2 Usage: 0.0%
2025-06-15 20:12:40,642 - INFO - [/RETRIEVE] GPU 2 Memory: 0.0%
2025-06-15 20:12:40,643 - INFO - [/RETRIEVE] GPU 3 Usage: 0.0%
2025-06-15 20:12:40,643 - INFO - [/RETRIEVE] GPU 3 Memory: 0.0%
2025-06-15 20:12:40,653 - INFO - [/INGEST] Latency: 0.0004 seconds
2025-06-15 20:12:40,653 - INFO - [/INGEST] Throughput: 2537.38 items/s
2025-06-15 20:12:40,654 - INFO - [/INGEST] Items processed: 1 new items
2025-06-15 20:12:40,654 - INFO - [/INGEST] CPU Usage: 0.0%
2025-06-15 20:12:40,655 - INFO - [/INGEST] Memory Usage: 4.1%
2025-06-15 20:12:40,710 - INFO - [/INGEST] GPU 0 Usage: 32.0%
2025-06-15 20:12:40,710 - INFO - [/INGEST] GPU 0 Memory: 15.5%
2025-06-15 20:12:40,710 - INFO - [/INGEST] GPU 1 Usage: 0.0%
2025-06-15 20:12:40,710 - INFO - [/INGEST] GPU 1 Memory: 0.0%
2025-06-15 20:12:40,710 - INFO - [/INGEST] GPU 2 Usage: 0.0%
2025-06-15 20:12:40,710 - INFO - [/INGEST] GPU 2 Memory: 0.0%
2025-06-15 20:12:40,710 - INFO - [/INGEST] GPU 3 Usage: 0.0%
2025-06-15 20:12:40,710 - INFO - [/INGEST] GPU 3 Memory: 0.0%
