2025-06-15 19:22:42,688 - INFO - [STARTUP] Latency: 7.9675 seconds
2025-06-15 19:22:42,689 - INFO - [STARTUP] Throughput: 1.00 items/s
2025-06-15 19:22:42,689 - INFO - [STARTUP] Items processed: 8 items
2025-06-15 19:22:42,689 - INFO - [STARTUP] CPU Usage: 15.3%
2025-06-15 19:22:42,689 - INFO - [STARTUP] Memory Usage: 4.7%
2025-06-15 19:22:42,769 - INFO - [STARTUP] GPU 0 Usage: 93.0%
2025-06-15 19:22:42,769 - INFO - [STARTUP] GPU 0 Memory: 15.6%
2025-06-15 19:22:42,769 - INFO - [STARTUP] GPU 1 Usage: 0.0%
2025-06-15 19:22:42,769 - INFO - [STARTUP] GPU 1 Memory: 0.0%
2025-06-15 19:22:42,769 - INFO - [STARTUP] GPU 2 Usage: 0.0%
2025-06-15 19:22:42,769 - INFO - [STARTUP] GPU 2 Memory: 0.0%
2025-06-15 19:22:42,769 - INFO - [STARTUP] GPU 3 Usage: 0.0%
2025-06-15 19:22:42,769 - INFO - [STARTUP] GPU 3 Memory: 0.0%
2025-06-15 19:22:42,775 - INFO - [/RETRIEVE-ALL] Latency: 0.0000 seconds
2025-06-15 19:22:42,775 - INFO - [/RETRIEVE-ALL] Throughput: 1331298.08 items/s
2025-06-15 19:22:42,776 - INFO - [/RETRIEVE-ALL] Items returned: 20 items
2025-06-15 19:22:42,776 - INFO - [/RETRIEVE-ALL] CPU Usage: 0.0%
2025-06-15 19:22:42,776 - INFO - [/RETRIEVE-ALL] Memory Usage: 4.7%
2025-06-15 19:22:42,860 - INFO - [/RETRIEVE-ALL] GPU 0 Usage: 46.0%
2025-06-15 19:22:42,860 - INFO - [/RETRIEVE-ALL] GPU 0 Memory: 15.6%
2025-06-15 19:22:42,860 - INFO - [/RETRIEVE-ALL] GPU 1 Usage: 0.0%
2025-06-15 19:22:42,861 - INFO - [/RETRIEVE-ALL] GPU 1 Memory: 0.0%
2025-06-15 19:22:42,861 - INFO - [/RETRIEVE-ALL] GPU 2 Usage: 0.0%
2025-06-15 19:22:42,861 - INFO - [/RETRIEVE-ALL] GPU 2 Memory: 0.0%
2025-06-15 19:22:42,862 - INFO - [/RETRIEVE-ALL] GPU 3 Usage: 0.0%
2025-06-15 19:22:42,862 - INFO - [/RETRIEVE-ALL] GPU 3 Memory: 0.0%
2025-06-15 19:22:45,486 - INFO - [INGESTION] Latency: 2.7165 seconds
2025-06-15 19:22:45,486 - INFO - [INGESTION] Throughput: 0.00 items/s
2025-06-15 19:22:45,486 - INFO - [INGESTION] Items processed: 0 new items
2025-06-15 19:22:45,486 - INFO - [INGESTION] CPU Usage: 29.0%
2025-06-15 19:22:45,486 - INFO - [INGESTION] Memory Usage: 5.6%
2025-06-15 19:22:45,540 - INFO - [INGESTION] GPU 0 Usage: 0.0%
2025-06-15 19:22:45,540 - INFO - [INGESTION] GPU 0 Memory: 25.5%
2025-06-15 19:22:45,540 - INFO - [INGESTION] GPU 1 Usage: 0.0%
2025-06-15 19:22:45,540 - INFO - [INGESTION] GPU 1 Memory: 17.2%
2025-06-15 19:22:45,540 - INFO - [INGESTION] GPU 2 Usage: 43.0%
2025-06-15 19:22:45,540 - INFO - [INGESTION] GPU 2 Memory: 17.2%
2025-06-15 19:22:45,540 - INFO - [INGESTION] GPU 3 Usage: 0.0%
2025-06-15 19:22:45,540 - INFO - [INGESTION] GPU 3 Memory: 22.3%
2025-06-15 19:23:17,773 - INFO - [INGESTION] Latency: 2.2328 seconds
2025-06-15 19:23:17,773 - INFO - [INGESTION] Throughput: 0.00 items/s
2025-06-15 19:23:17,773 - INFO - [INGESTION] Items processed: 0 new items
2025-06-15 19:23:17,773 - INFO - [INGESTION] CPU Usage: 15.8%
2025-06-15 19:23:17,773 - INFO - [INGESTION] Memory Usage: 4.1%
2025-06-15 19:23:17,828 - INFO - [INGESTION] GPU 0 Usage: 0.0%
2025-06-15 19:23:17,828 - INFO - [INGESTION] GPU 0 Memory: 15.6%
2025-06-15 19:23:17,828 - INFO - [INGESTION] GPU 1 Usage: 0.0%
2025-06-15 19:23:17,828 - INFO - [INGESTION] GPU 1 Memory: 0.0%
2025-06-15 19:23:17,829 - INFO - [INGESTION] GPU 2 Usage: 0.0%
2025-06-15 19:23:17,829 - INFO - [INGESTION] GPU 2 Memory: 0.0%
2025-06-15 19:23:17,829 - INFO - [INGESTION] GPU 3 Usage: 0.0%
2025-06-15 19:23:17,829 - INFO - [INGESTION] GPU 3 Memory: 0.0%
