2025-06-15 20:14:07,487 - INFO - [/INGEST] Latency: 0.0002 seconds
2025-06-15 20:14:07,487 - INFO - [/INGEST] Throughput: 10127.05 items/s
2025-06-15 20:14:07,487 - INFO - [/INGEST] Items processed: 2 new items
2025-06-15 20:14:07,487 - INFO - [/INGEST] CPU Usage: 0.0%
2025-06-15 20:14:07,487 - INFO - [/INGEST] Memory Usage: 3.3%
2025-06-15 20:14:07,544 - INFO - [/INGEST] GPU 0 Usage: 0.0%
2025-06-15 20:14:07,544 - INFO - [/INGEST] GPU 0 Memory: 0.0%
2025-06-15 20:14:07,544 - INFO - [/INGEST] GPU 1 Usage: 0.0%
2025-06-15 20:14:07,544 - INFO - [/INGEST] GPU 1 Memory: 0.0%
2025-06-15 20:14:07,544 - INFO - [/INGEST] GPU 2 Usage: 0.0%
2025-06-15 20:14:07,544 - INFO - [/INGEST] GPU 2 Memory: 0.0%
2025-06-15 20:14:07,544 - INFO - [/INGEST] GPU 3 Usage: 0.0%
2025-06-15 20:14:07,544 - INFO - [/INGEST] GPU 3 Memory: 0.0%
2025-06-15 20:14:07,549 - INFO - [/INGEST] Latency: 0.0003 seconds
2025-06-15 20:14:07,549 - INFO - [/INGEST] Throughput: 8617.97 items/s
2025-06-15 20:14:07,549 - INFO - [/INGEST] Items processed: 3 new items
2025-06-15 20:14:07,550 - INFO - [/INGEST] CPU Usage: 6.0%
2025-06-15 20:14:07,550 - INFO - [/INGEST] Memory Usage: 3.4%
2025-06-15 20:14:07,638 - INFO - [/INGEST] GPU 0 Usage: 0.0%
2025-06-15 20:14:07,638 - INFO - [/INGEST] GPU 0 Memory: 0.0%
2025-06-15 20:14:07,639 - INFO - [/INGEST] GPU 1 Usage: 0.0%
2025-06-15 20:14:07,639 - INFO - [/INGEST] GPU 1 Memory: 0.0%
2025-06-15 20:14:07,639 - INFO - [/INGEST] GPU 2 Usage: 0.0%
2025-06-15 20:14:07,639 - INFO - [/INGEST] GPU 2 Memory: 0.0%
2025-06-15 20:14:07,639 - INFO - [/INGEST] GPU 3 Usage: 0.0%
2025-06-15 20:14:07,639 - INFO - [/INGEST] GPU 3 Memory: 0.0%
2025-06-15 20:14:07,644 - INFO - [/RETRIEVE] Latency: 0.0000 seconds
2025-06-15 20:14:07,644 - INFO - [/RETRIEVE] Throughput: 112721.90 items/s
2025-06-15 20:14:07,644 - INFO - [/RETRIEVE] Items returned: 3 items
2025-06-15 20:14:07,645 - INFO - [/RETRIEVE] CPU Usage: 7.9%
2025-06-15 20:14:07,645 - INFO - [/RETRIEVE] Memory Usage: 3.4%
2025-06-15 20:14:07,720 - INFO - [/RETRIEVE] GPU 0 Usage: 0.0%
2025-06-15 20:14:07,720 - INFO - [/RETRIEVE] GPU 0 Memory: 0.0%
2025-06-15 20:14:07,720 - INFO - [/RETRIEVE] GPU 1 Usage: 0.0%
2025-06-15 20:14:07,720 - INFO - [/RETRIEVE] GPU 1 Memory: 0.0%
2025-06-15 20:14:07,721 - INFO - [/RETRIEVE] GPU 2 Usage: 0.0%
2025-06-15 20:14:07,721 - INFO - [/RETRIEVE] GPU 2 Memory: 0.0%
2025-06-15 20:14:07,721 - INFO - [/RETRIEVE] GPU 3 Usage: 0.0%
2025-06-15 20:14:07,721 - INFO - [/RETRIEVE] GPU 3 Memory: 0.0%
2025-06-15 20:14:07,729 - INFO - [/INGEST] Latency: 0.0002 seconds
2025-06-15 20:14:07,729 - INFO - [/INGEST] Throughput: 4037.29 items/s
2025-06-15 20:14:07,729 - INFO - [/INGEST] Items processed: 1 new items
2025-06-15 20:14:07,730 - INFO - [/INGEST] CPU Usage: 6.1%
2025-06-15 20:14:07,730 - INFO - [/INGEST] Memory Usage: 3.4%
2025-06-15 20:14:07,791 - INFO - [/INGEST] GPU 0 Usage: 0.0%
2025-06-15 20:14:07,791 - INFO - [/INGEST] GPU 0 Memory: 0.0%
2025-06-15 20:14:07,791 - INFO - [/INGEST] GPU 1 Usage: 0.0%
2025-06-15 20:14:07,791 - INFO - [/INGEST] GPU 1 Memory: 0.0%
2025-06-15 20:14:07,791 - INFO - [/INGEST] GPU 2 Usage: 0.0%
2025-06-15 20:14:07,792 - INFO - [/INGEST] GPU 2 Memory: 0.0%
2025-06-15 20:14:07,792 - INFO - [/INGEST] GPU 3 Usage: 0.0%
2025-06-15 20:14:07,792 - INFO - [/INGEST] GPU 3 Memory: 0.0%
2025-06-15 20:14:07,794 - INFO - [/INGEST] Latency: 0.0000 seconds
2025-06-15 20:14:07,794 - INFO - [/INGEST] Throughput: 0.00 items/s
2025-06-15 20:14:07,794 - INFO - [/INGEST] Items processed: 0 new items
2025-06-15 20:14:07,795 - INFO - [/INGEST] CPU Usage: 5.8%
2025-06-15 20:14:07,795 - INFO - [/INGEST] Memory Usage: 3.4%
2025-06-15 20:14:07,869 - INFO - [/INGEST] GPU 0 Usage: 0.0%
2025-06-15 20:14:07,869 - INFO - [/INGEST] GPU 0 Memory: 0.0%
2025-06-15 20:14:07,869 - INFO - [/INGEST] GPU 1 Usage: 0.0%
2025-06-15 20:14:07,869 - INFO - [/INGEST] GPU 1 Memory: 0.0%
2025-06-15 20:14:07,870 - INFO - [/INGEST] GPU 2 Usage: 0.0%
2025-06-15 20:14:07,870 - INFO - [/INGEST] GPU 2 Memory: 0.0%
2025-06-15 20:14:07,870 - INFO - [/INGEST] GPU 3 Usage: 0.0%
2025-06-15 20:14:07,870 - INFO - [/INGEST] GPU 3 Memory: 0.0%
2025-06-15 20:14:07,883 - INFO - [/RETRIEVE] Latency: 0.0000 seconds
2025-06-15 20:14:07,884 - INFO - [/RETRIEVE] Throughput: 89515.32 items/s
2025-06-15 20:14:07,884 - INFO - [/RETRIEVE] Items returned: 4 items
2025-06-15 20:14:07,885 - INFO - [/RETRIEVE] CPU Usage: 11.0%
2025-06-15 20:14:07,885 - INFO - [/RETRIEVE] Memory Usage: 3.4%
2025-06-15 20:14:07,951 - INFO - [/RETRIEVE] GPU 0 Usage: 0.0%
2025-06-15 20:14:07,951 - INFO - [/RETRIEVE] GPU 0 Memory: 0.0%
2025-06-15 20:14:07,952 - INFO - [/RETRIEVE] GPU 1 Usage: 0.0%
2025-06-15 20:14:07,952 - INFO - [/RETRIEVE] GPU 1 Memory: 0.0%
2025-06-15 20:14:07,952 - INFO - [/RETRIEVE] GPU 2 Usage: 0.0%
2025-06-15 20:14:07,952 - INFO - [/RETRIEVE] GPU 2 Memory: 0.0%
2025-06-15 20:14:07,952 - INFO - [/RETRIEVE] GPU 3 Usage: 0.0%
2025-06-15 20:14:07,952 - INFO - [/RETRIEVE] GPU 3 Memory: 0.0%
2025-06-15 20:14:09,885 - INFO - [/RETRIEVE] Latency: 0.0000 seconds
2025-06-15 20:14:09,885 - INFO - [/RETRIEVE] Throughput: 312043.54 items/s
2025-06-15 20:14:09,885 - INFO - [/RETRIEVE] Items returned: 6 items
2025-06-15 20:14:09,885 - INFO - [/RETRIEVE] CPU Usage: 0.0%
2025-06-15 20:14:09,885 - INFO - [/RETRIEVE] Memory Usage: 4.1%
2025-06-15 20:14:09,942 - INFO - [/RETRIEVE] GPU 0 Usage: 94.0%
2025-06-15 20:14:09,942 - INFO - [/RETRIEVE] GPU 0 Memory: 15.5%
2025-06-15 20:14:09,942 - INFO - [/RETRIEVE] GPU 1 Usage: 0.0%
2025-06-15 20:14:09,942 - INFO - [/RETRIEVE] GPU 1 Memory: 0.0%
2025-06-15 20:14:09,942 - INFO - [/RETRIEVE] GPU 2 Usage: 0.0%
2025-06-15 20:14:09,942 - INFO - [/RETRIEVE] GPU 2 Memory: 0.0%
2025-06-15 20:14:09,942 - INFO - [/RETRIEVE] GPU 3 Usage: 0.0%
2025-06-15 20:14:09,942 - INFO - [/RETRIEVE] GPU 3 Memory: 0.0%
2025-06-15 20:14:09,955 - INFO - [/RETRIEVE] Latency: 0.0000 seconds
2025-06-15 20:14:09,955 - INFO - [/RETRIEVE] Throughput: 223115.18 items/s
2025-06-15 20:14:09,955 - INFO - [/RETRIEVE] Items returned: 4 items
2025-06-15 20:14:09,955 - INFO - [/RETRIEVE] CPU Usage: 5.4%
2025-06-15 20:14:09,956 - INFO - [/RETRIEVE] Memory Usage: 4.1%
2025-06-15 20:14:10,006 - INFO - [/RETRIEVE] GPU 0 Usage: 94.0%
2025-06-15 20:14:10,006 - INFO - [/RETRIEVE] GPU 0 Memory: 15.5%
2025-06-15 20:14:10,006 - INFO - [/RETRIEVE] GPU 1 Usage: 0.0%
2025-06-15 20:14:10,006 - INFO - [/RETRIEVE] GPU 1 Memory: 0.0%
2025-06-15 20:14:10,006 - INFO - [/RETRIEVE] GPU 2 Usage: 0.0%
2025-06-15 20:14:10,006 - INFO - [/RETRIEVE] GPU 2 Memory: 0.0%
2025-06-15 20:14:10,006 - INFO - [/RETRIEVE] GPU 3 Usage: 0.0%
2025-06-15 20:14:10,006 - INFO - [/RETRIEVE] GPU 3 Memory: 0.0%
2025-06-15 20:14:10,488 - INFO - [/RETRIEVE] Latency: 0.0000 seconds
2025-06-15 20:14:10,488 - INFO - [/RETRIEVE] Throughput: 332891.59 items/s
2025-06-15 20:14:10,488 - INFO - [/RETRIEVE] Items returned: 6 items
2025-06-15 20:14:10,489 - INFO - [/RETRIEVE] CPU Usage: 12.2%
2025-06-15 20:14:10,489 - INFO - [/RETRIEVE] Memory Usage: 4.1%
2025-06-15 20:14:10,542 - INFO - [/RETRIEVE] GPU 0 Usage: 93.0%
2025-06-15 20:14:10,542 - INFO - [/RETRIEVE] GPU 0 Memory: 15.5%
2025-06-15 20:14:10,542 - INFO - [/RETRIEVE] GPU 1 Usage: 0.0%
2025-06-15 20:14:10,542 - INFO - [/RETRIEVE] GPU 1 Memory: 0.0%
2025-06-15 20:14:10,542 - INFO - [/RETRIEVE] GPU 2 Usage: 0.0%
2025-06-15 20:14:10,542 - INFO - [/RETRIEVE] GPU 2 Memory: 0.0%
2025-06-15 20:14:10,542 - INFO - [/RETRIEVE] GPU 3 Usage: 0.0%
2025-06-15 20:14:10,542 - INFO - [/RETRIEVE] GPU 3 Memory: 0.0%
2025-06-15 20:14:10,557 - INFO - [/RETRIEVE] Latency: 0.0000 seconds
2025-06-15 20:14:10,557 - INFO - [/RETRIEVE] Throughput: 189758.72 items/s
2025-06-15 20:14:10,557 - INFO - [/RETRIEVE] Items returned: 6 items
2025-06-15 20:14:10,558 - INFO - [/RETRIEVE] CPU Usage: 3.7%
2025-06-15 20:14:10,558 - INFO - [/RETRIEVE] Memory Usage: 4.1%
2025-06-15 20:14:10,624 - INFO - [/RETRIEVE] GPU 0 Usage: 60.0%
2025-06-15 20:14:10,624 - INFO - [/RETRIEVE] GPU 0 Memory: 15.5%
2025-06-15 20:14:10,624 - INFO - [/RETRIEVE] GPU 1 Usage: 0.0%
2025-06-15 20:14:10,624 - INFO - [/RETRIEVE] GPU 1 Memory: 0.0%
2025-06-15 20:14:10,624 - INFO - [/RETRIEVE] GPU 2 Usage: 0.0%
2025-06-15 20:14:10,624 - INFO - [/RETRIEVE] GPU 2 Memory: 0.0%
2025-06-15 20:14:10,625 - INFO - [/RETRIEVE] GPU 3 Usage: 0.0%
2025-06-15 20:14:10,625 - INFO - [/RETRIEVE] GPU 3 Memory: 0.0%
2025-06-15 20:14:10,631 - INFO - [/INGEST] Latency: 0.0002 seconds
2025-06-15 20:14:10,631 - INFO - [/INGEST] Throughput: 4854.23 items/s
2025-06-15 20:14:10,631 - INFO - [/INGEST] Items processed: 1 new items
2025-06-15 20:14:10,631 - INFO - [/INGEST] CPU Usage: 6.8%
2025-06-15 20:14:10,631 - INFO - [/INGEST] Memory Usage: 4.1%
2025-06-15 20:14:10,678 - INFO - [/INGEST] GPU 0 Usage: 60.0%
2025-06-15 20:14:10,678 - INFO - [/INGEST] GPU 0 Memory: 15.5%
2025-06-15 20:14:10,678 - INFO - [/INGEST] GPU 1 Usage: 0.0%
2025-06-15 20:14:10,678 - INFO - [/INGEST] GPU 1 Memory: 0.0%
2025-06-15 20:14:10,679 - INFO - [/INGEST] GPU 2 Usage: 0.0%
2025-06-15 20:14:10,679 - INFO - [/INGEST] GPU 2 Memory: 0.0%
2025-06-15 20:14:10,679 - INFO - [/INGEST] GPU 3 Usage: 0.0%
2025-06-15 20:14:10,679 - INFO - [/INGEST] GPU 3 Memory: 0.0%
