2025-06-15 19:23:56,473 - INFO - [STARTUP] Latency: 8.0811 seconds
2025-06-15 19:23:56,473 - INFO - [STARTUP] Throughput: 0.99 items/s
2025-06-15 19:23:56,473 - INFO - [STARTUP] Items processed: 8 items
2025-06-15 19:23:56,473 - INFO - [STARTUP] CPU Usage: 12.1%
2025-06-15 19:23:56,473 - INFO - [STARTUP] Memory Usage: 4.2%
2025-06-15 19:23:56,510 - INFO - [STARTUP] GPU 0 Usage: 93.0%
2025-06-15 19:23:56,510 - INFO - [STARTUP] GPU 0 Memory: 15.6%
2025-06-15 19:23:56,510 - INFO - [STARTUP] GPU 1 Usage: 0.0%
2025-06-15 19:23:56,510 - INFO - [STARTUP] GPU 1 Memory: 0.0%
2025-06-15 19:23:56,510 - INFO - [STARTUP] GPU 2 Usage: 0.0%
2025-06-15 19:23:56,510 - INFO - [STARTUP] GPU 2 Memory: 0.0%
2025-06-15 19:23:56,510 - INFO - [STARTUP] GPU 3 Usage: 0.0%
2025-06-15 19:23:56,510 - INFO - [STARTUP] GPU 3 Memory: 0.0%
2025-06-15 19:23:59,280 - INFO - [INGESTION] Latency: 2.7699 seconds
2025-06-15 19:23:59,280 - INFO - [INGESTION] Throughput: 0.00 items/s
2025-06-15 19:23:59,280 - INFO - [INGESTION] Items processed: 0 new items
2025-06-15 19:23:59,280 - INFO - [INGESTION] CPU Usage: 1.0%
2025-06-15 19:23:59,280 - INFO - [INGESTION] Memory Usage: 4.1%
2025-06-15 19:23:59,354 - INFO - [INGESTION] GPU 0 Usage: 0.0%
2025-06-15 19:23:59,354 - INFO - [INGESTION] GPU 0 Memory: 15.6%
2025-06-15 19:23:59,354 - INFO - [INGESTION] GPU 1 Usage: 0.0%
2025-06-15 19:23:59,354 - INFO - [INGESTION] GPU 1 Memory: 0.0%
2025-06-15 19:23:59,354 - INFO - [INGESTION] GPU 2 Usage: 0.0%
2025-06-15 19:23:59,354 - INFO - [INGESTION] GPU 2 Memory: 0.0%
2025-06-15 19:23:59,355 - INFO - [INGESTION] GPU 3 Usage: 0.0%
2025-06-15 19:23:59,355 - INFO - [INGESTION] GPU 3 Memory: 0.0%
2025-06-15 19:24:05,480 - INFO - [/RETRIEVE] Latency: 0.0000 seconds
2025-06-15 19:24:05,480 - INFO - [/RETRIEVE] Throughput: 281452.64 items/s
2025-06-15 19:24:05,481 - INFO - [/RETRIEVE] Items returned: 8 items
2025-06-15 19:24:05,481 - INFO - [/RETRIEVE] CPU Usage: 0.0%
2025-06-15 19:24:05,481 - INFO - [/RETRIEVE] Memory Usage: 4.7%
2025-06-15 19:24:05,538 - INFO - [/RETRIEVE] GPU 0 Usage: 0.0%
2025-06-15 19:24:05,538 - INFO - [/RETRIEVE] GPU 0 Memory: 15.6%
2025-06-15 19:24:05,538 - INFO - [/RETRIEVE] GPU 1 Usage: 0.0%
2025-06-15 19:24:05,538 - INFO - [/RETRIEVE] GPU 1 Memory: 0.0%
2025-06-15 19:24:05,538 - INFO - [/RETRIEVE] GPU 2 Usage: 0.0%
2025-06-15 19:24:05,538 - INFO - [/RETRIEVE] GPU 2 Memory: 0.0%
2025-06-15 19:24:05,539 - INFO - [/RETRIEVE] GPU 3 Usage: 0.0%
2025-06-15 19:24:05,539 - INFO - [/RETRIEVE] GPU 3 Memory: 0.0%
