2025-06-16 01:01:41,654 - INFO - [STARTUP] Latency: 8.5383 seconds
2025-06-16 01:01:41,654 - INFO - [STARTUP] Throughput: 0.94 items/s
2025-06-16 01:01:41,654 - INFO - [STARTUP] Items processed: 8 items
2025-06-16 01:01:41,655 - INFO - [STARTUP] CPU Usage: 13.3%
2025-06-16 01:01:41,655 - INFO - [STARTUP] Memory Usage: 4.1%
2025-06-16 01:01:41,710 - INFO - [STARTUP] GPU 0 Usage: 93.0%
2025-06-16 01:01:41,710 - INFO - [STARTUP] GPU 0 Memory: 15.8%
2025-06-16 01:01:41,710 - INFO - [STARTUP] GPU 1 Usage: 0.0%
2025-06-16 01:01:41,711 - INFO - [STARTUP] GPU 1 Memory: 0.0%
2025-06-16 01:01:41,711 - INFO - [STARTUP] GPU 2 Usage: 0.0%
2025-06-16 01:01:41,711 - INFO - [STARTUP] GPU 2 Memory: 0.0%
2025-06-16 01:01:41,711 - INFO - [STARTUP] GPU 3 Usage: 0.0%
2025-06-16 01:01:41,711 - INFO - [STARTUP] GPU 3 Memory: 0.0%
2025-06-16 01:01:44,345 - INFO - [INGESTION] Latency: 2.6342 seconds
2025-06-16 01:01:44,346 - INFO - [INGESTION] Throughput: 0.00 items/s
2025-06-16 01:01:44,346 - INFO - [INGESTION] Items processed: 0 new items
2025-06-16 01:01:44,346 - INFO - [INGESTION] CPU Usage: 0.8%
2025-06-16 01:01:44,346 - INFO - [INGESTION] Memory Usage: 4.1%
2025-06-16 01:01:44,424 - INFO - [INGESTION] GPU 0 Usage: 0.0%
2025-06-16 01:01:44,424 - INFO - [INGESTION] GPU 0 Memory: 15.8%
2025-06-16 01:01:44,424 - INFO - [INGESTION] GPU 1 Usage: 0.0%
2025-06-16 01:01:44,424 - INFO - [INGESTION] GPU 1 Memory: 0.0%
2025-06-16 01:01:44,424 - INFO - [INGESTION] GPU 2 Usage: 0.0%
2025-06-16 01:01:44,424 - INFO - [INGESTION] GPU 2 Memory: 0.0%
2025-06-16 01:01:44,425 - INFO - [INGESTION] GPU 3 Usage: 0.0%
2025-06-16 01:01:44,425 - INFO - [INGESTION] GPU 3 Memory: 0.0%
2025-06-16 01:02:16,499 - INFO - [INGESTION] Latency: 2.0737 seconds
2025-06-16 01:02:16,499 - INFO - [INGESTION] Throughput: 0.00 items/s
2025-06-16 01:02:16,499 - INFO - [INGESTION] Items processed: 0 new items
2025-06-16 01:02:16,499 - INFO - [INGESTION] CPU Usage: 0.6%
2025-06-16 01:02:16,499 - INFO - [INGESTION] Memory Usage: 4.1%
2025-06-16 01:02:16,537 - INFO - [INGESTION] GPU 0 Usage: 0.0%
2025-06-16 01:02:16,537 - INFO - [INGESTION] GPU 0 Memory: 15.8%
2025-06-16 01:02:16,537 - INFO - [INGESTION] GPU 1 Usage: 0.0%
2025-06-16 01:02:16,537 - INFO - [INGESTION] GPU 1 Memory: 0.0%
2025-06-16 01:02:16,537 - INFO - [INGESTION] GPU 2 Usage: 0.0%
2025-06-16 01:02:16,537 - INFO - [INGESTION] GPU 2 Memory: 0.0%
2025-06-16 01:02:16,537 - INFO - [INGESTION] GPU 3 Usage: 0.0%
2025-06-16 01:02:16,537 - INFO - [INGESTION] GPU 3 Memory: 0.0%
2025-06-16 01:02:48,966 - INFO - [INGESTION] Latency: 2.4291 seconds
2025-06-16 01:02:48,966 - INFO - [INGESTION] Throughput: 0.00 items/s
2025-06-16 01:02:48,966 - INFO - [INGESTION] Items processed: 0 new items
2025-06-16 01:02:48,967 - INFO - [INGESTION] CPU Usage: 1.0%
2025-06-16 01:02:48,967 - INFO - [INGESTION] Memory Usage: 4.2%
2025-06-16 01:02:49,024 - INFO - [INGESTION] GPU 0 Usage: 0.0%
2025-06-16 01:02:49,024 - INFO - [INGESTION] GPU 0 Memory: 15.8%
2025-06-16 01:02:49,024 - INFO - [INGESTION] GPU 1 Usage: 0.0%
2025-06-16 01:02:49,024 - INFO - [INGESTION] GPU 1 Memory: 0.0%
2025-06-16 01:02:49,024 - INFO - [INGESTION] GPU 2 Usage: 0.0%
2025-06-16 01:02:49,024 - INFO - [INGESTION] GPU 2 Memory: 0.0%
2025-06-16 01:02:49,024 - INFO - [INGESTION] GPU 3 Usage: 0.0%
2025-06-16 01:02:49,024 - INFO - [INGESTION] GPU 3 Memory: 0.0%
2025-06-16 01:02:54,446 - INFO - [/RETRIEVE] Latency: 0.0000 seconds
2025-06-16 01:02:54,446 - INFO - [/RETRIEVE] Throughput: 296209.75 items/s
2025-06-16 01:02:54,446 - INFO - [/RETRIEVE] Items returned: 8 items
2025-06-16 01:02:54,447 - INFO - [/RETRIEVE] CPU Usage: 0.0%
2025-06-16 01:02:54,447 - INFO - [/RETRIEVE] Memory Usage: 4.7%
2025-06-16 01:02:54,507 - INFO - [/RETRIEVE] GPU 0 Usage: 0.0%
2025-06-16 01:02:54,507 - INFO - [/RETRIEVE] GPU 0 Memory: 15.8%
2025-06-16 01:02:54,507 - INFO - [/RETRIEVE] GPU 1 Usage: 0.0%
2025-06-16 01:02:54,507 - INFO - [/RETRIEVE] GPU 1 Memory: 0.0%
2025-06-16 01:02:54,508 - INFO - [/RETRIEVE] GPU 2 Usage: 0.0%
2025-06-16 01:02:54,508 - INFO - [/RETRIEVE] GPU 2 Memory: 0.0%
2025-06-16 01:02:54,508 - INFO - [/RETRIEVE] GPU 3 Usage: 0.0%
2025-06-16 01:02:54,508 - INFO - [/RETRIEVE] GPU 3 Memory: 0.0%
2025-06-16 01:03:14,275 - INFO - [/RETRIEVE] Latency: 0.0000 seconds
2025-06-16 01:03:14,275 - INFO - [/RETRIEVE] Throughput: 284496.15 items/s
2025-06-16 01:03:14,275 - INFO - [/RETRIEVE] Items returned: 8 items
2025-06-16 01:03:14,275 - INFO - [/RETRIEVE] CPU Usage: 1.0%
2025-06-16 01:03:14,276 - INFO - [/RETRIEVE] Memory Usage: 4.1%
2025-06-16 01:03:14,330 - INFO - [/RETRIEVE] GPU 0 Usage: 0.0%
2025-06-16 01:03:14,330 - INFO - [/RETRIEVE] GPU 0 Memory: 15.8%
2025-06-16 01:03:14,330 - INFO - [/RETRIEVE] GPU 1 Usage: 0.0%
2025-06-16 01:03:14,330 - INFO - [/RETRIEVE] GPU 1 Memory: 0.0%
2025-06-16 01:03:14,330 - INFO - [/RETRIEVE] GPU 2 Usage: 0.0%
2025-06-16 01:03:14,331 - INFO - [/RETRIEVE] GPU 2 Memory: 0.0%
2025-06-16 01:03:14,331 - INFO - [/RETRIEVE] GPU 3 Usage: 0.0%
2025-06-16 01:03:14,331 - INFO - [/RETRIEVE] GPU 3 Memory: 0.0%
2025-06-16 01:03:21,387 - INFO - [INGESTION] Latency: 2.3626 seconds
2025-06-16 01:03:21,387 - INFO - [INGESTION] Throughput: 0.00 items/s
2025-06-16 01:03:21,387 - INFO - [INGESTION] Items processed: 0 new items
2025-06-16 01:03:21,388 - INFO - [INGESTION] CPU Usage: 2.5%
2025-06-16 01:03:21,388 - INFO - [INGESTION] Memory Usage: 4.1%
2025-06-16 01:03:21,443 - INFO - [INGESTION] GPU 0 Usage: 0.0%
2025-06-16 01:03:21,443 - INFO - [INGESTION] GPU 0 Memory: 15.8%
2025-06-16 01:03:21,443 - INFO - [INGESTION] GPU 1 Usage: 0.0%
2025-06-16 01:03:21,443 - INFO - [INGESTION] GPU 1 Memory: 0.0%
2025-06-16 01:03:21,444 - INFO - [INGESTION] GPU 2 Usage: 0.0%
2025-06-16 01:03:21,444 - INFO - [INGESTION] GPU 2 Memory: 0.0%
2025-06-16 01:03:21,444 - INFO - [INGESTION] GPU 3 Usage: 0.0%
2025-06-16 01:03:21,444 - INFO - [INGESTION] GPU 3 Memory: 0.0%
