2025-06-15 19:21:38,418 - INFO - [STARTUP] Latency: 7.9267 seconds
2025-06-15 19:21:38,419 - INFO - [STARTUP] Throughput: 1.01 items/s
2025-06-15 19:21:38,419 - INFO - [STARTUP] Items processed: 8 items
2025-06-15 19:21:38,419 - INFO - [STARTUP] CPU Usage: 11.8%
2025-06-15 19:21:38,419 - INFO - [STARTUP] Memory Usage: 4.2%
2025-06-15 19:21:38,474 - INFO - [STARTUP] GPU 0 Usage: 94.0%
2025-06-15 19:21:38,474 - INFO - [STARTUP] GPU 0 Memory: 15.6%
2025-06-15 19:21:38,474 - INFO - [STARTUP] GPU 1 Usage: 0.0%
2025-06-15 19:21:38,474 - INFO - [STARTUP] GPU 1 Memory: 0.0%
2025-06-15 19:21:38,474 - INFO - [STARTUP] GPU 2 Usage: 0.0%
2025-06-15 19:21:38,475 - INFO - [STARTUP] GPU 2 Memory: 0.0%
2025-06-15 19:21:38,475 - INFO - [STARTUP] GPU 3 Usage: 0.0%
2025-06-15 19:21:38,475 - INFO - [STARTUP] GPU 3 Memory: 0.0%
2025-06-15 19:21:40,727 - INFO - [INGESTION] Latency: 2.2519 seconds
2025-06-15 19:21:40,727 - INFO - [INGESTION] Throughput: 0.00 items/s
2025-06-15 19:21:40,727 - INFO - [INGESTION] Items processed: 0 new items
2025-06-15 19:21:40,727 - INFO - [INGESTION] CPU Usage: 1.3%
2025-06-15 19:21:40,727 - INFO - [INGESTION] Memory Usage: 4.2%
2025-06-15 19:21:40,782 - INFO - [INGESTION] GPU 0 Usage: 0.0%
2025-06-15 19:21:40,782 - INFO - [INGESTION] GPU 0 Memory: 15.6%
2025-06-15 19:21:40,782 - INFO - [INGESTION] GPU 1 Usage: 0.0%
2025-06-15 19:21:40,782 - INFO - [INGESTION] GPU 1 Memory: 0.0%
2025-06-15 19:21:40,782 - INFO - [INGESTION] GPU 2 Usage: 0.0%
2025-06-15 19:21:40,783 - INFO - [INGESTION] GPU 2 Memory: 0.0%
2025-06-15 19:21:40,783 - INFO - [INGESTION] GPU 3 Usage: 0.0%
2025-06-15 19:21:40,783 - INFO - [INGESTION] GPU 3 Memory: 0.0%
2025-06-15 19:21:57,763 - INFO - [/RETRIEVE-ALL] Latency: 0.0000 seconds
2025-06-15 19:21:57,763 - INFO - [/RETRIEVE-ALL] Throughput: 1817513.98 items/s
2025-06-15 19:21:57,763 - INFO - [/RETRIEVE-ALL] Items returned: 20 items
2025-06-15 19:21:57,763 - INFO - [/RETRIEVE-ALL] CPU Usage: 0.0%
2025-06-15 19:21:57,763 - INFO - [/RETRIEVE-ALL] Memory Usage: 4.7%
2025-06-15 19:21:57,822 - INFO - [/RETRIEVE-ALL] GPU 0 Usage: 0.0%
2025-06-15 19:21:57,823 - INFO - [/RETRIEVE-ALL] GPU 0 Memory: 15.6%
2025-06-15 19:21:57,823 - INFO - [/RETRIEVE-ALL] GPU 1 Usage: 0.0%
2025-06-15 19:21:57,823 - INFO - [/RETRIEVE-ALL] GPU 1 Memory: 0.0%
2025-06-15 19:21:57,823 - INFO - [/RETRIEVE-ALL] GPU 2 Usage: 0.0%
2025-06-15 19:21:57,823 - INFO - [/RETRIEVE-ALL] GPU 2 Memory: 0.0%
2025-06-15 19:21:57,823 - INFO - [/RETRIEVE-ALL] GPU 3 Usage: 0.0%
2025-06-15 19:21:57,823 - INFO - [/RETRIEVE-ALL] GPU 3 Memory: 0.0%
2025-06-15 19:22:13,218 - INFO - [INGESTION] Latency: 2.4337 seconds
2025-06-15 19:22:13,218 - INFO - [INGESTION] Throughput: 0.00 items/s
2025-06-15 19:22:13,218 - INFO - [INGESTION] Items processed: 0 new items
2025-06-15 19:22:13,218 - INFO - [INGESTION] CPU Usage: 2.6%
2025-06-15 19:22:13,218 - INFO - [INGESTION] Memory Usage: 4.2%
2025-06-15 19:22:13,275 - INFO - [INGESTION] GPU 0 Usage: 0.0%
2025-06-15 19:22:13,275 - INFO - [INGESTION] GPU 0 Memory: 15.6%
2025-06-15 19:22:13,276 - INFO - [INGESTION] GPU 1 Usage: 0.0%
2025-06-15 19:22:13,276 - INFO - [INGESTION] GPU 1 Memory: 0.0%
2025-06-15 19:22:13,276 - INFO - [INGESTION] GPU 2 Usage: 0.0%
2025-06-15 19:22:13,276 - INFO - [INGESTION] GPU 2 Memory: 0.0%
2025-06-15 19:22:13,276 - INFO - [INGESTION] GPU 3 Usage: 0.0%
2025-06-15 19:22:13,276 - INFO - [INGESTION] GPU 3 Memory: 0.0%
2025-06-15 19:22:17,726 - INFO - [/RETRIEVE-ALL] Latency: 0.0000 seconds
2025-06-15 19:22:17,726 - INFO - [/RETRIEVE-ALL] Throughput: 2471568.00 items/s
2025-06-15 19:22:17,726 - INFO - [/RETRIEVE-ALL] Items returned: 20 items
2025-06-15 19:22:17,726 - INFO - [/RETRIEVE-ALL] CPU Usage: 3.9%
2025-06-15 19:22:17,726 - INFO - [/RETRIEVE-ALL] Memory Usage: 4.8%
2025-06-15 19:22:17,787 - INFO - [/RETRIEVE-ALL] GPU 0 Usage: 0.0%
2025-06-15 19:22:17,787 - INFO - [/RETRIEVE-ALL] GPU 0 Memory: 15.6%
2025-06-15 19:22:17,787 - INFO - [/RETRIEVE-ALL] GPU 1 Usage: 0.0%
2025-06-15 19:22:17,787 - INFO - [/RETRIEVE-ALL] GPU 1 Memory: 0.0%
2025-06-15 19:22:17,788 - INFO - [/RETRIEVE-ALL] GPU 2 Usage: 0.0%
2025-06-15 19:22:17,788 - INFO - [/RETRIEVE-ALL] GPU 2 Memory: 0.0%
2025-06-15 19:22:17,788 - INFO - [/RETRIEVE-ALL] GPU 3 Usage: 0.0%
2025-06-15 19:22:17,788 - INFO - [/RETRIEVE-ALL] GPU 3 Memory: 0.0%
