2025-06-16 01:01:10,569 - INFO - [STARTUP] Latency: 8.5620 seconds
2025-06-16 01:01:10,569 - INFO - [STARTUP] Throughput: 0.93 items/s
2025-06-16 01:01:10,569 - INFO - [STARTUP] Items processed: 8 items
2025-06-16 01:01:10,569 - INFO - [STARTUP] CPU Usage: 13.2%
2025-06-16 01:01:10,570 - INFO - [STARTUP] Memory Usage: 4.2%
2025-06-16 01:01:10,626 - INFO - [STARTUP] GPU 0 Usage: 94.0%
2025-06-16 01:01:10,626 - INFO - [STARTUP] GPU 0 Memory: 15.8%
2025-06-16 01:01:10,626 - INFO - [STARTUP] GPU 1 Usage: 0.0%
2025-06-16 01:01:10,627 - INFO - [STARTUP] GPU 1 Memory: 0.0%
2025-06-16 01:01:10,627 - INFO - [STARTUP] GPU 2 Usage: 0.0%
2025-06-16 01:01:10,627 - INFO - [STARTUP] GPU 2 Memory: 0.0%
2025-06-16 01:01:10,627 - INFO - [STARTUP] GPU 3 Usage: 0.0%
2025-06-16 01:01:10,627 - INFO - [STARTUP] GPU 3 Memory: 0.0%
2025-06-16 01:01:12,958 - INFO - [INGESTION] Latency: 2.3310 seconds
2025-06-16 01:01:12,958 - INFO - [INGESTION] Throughput: 0.00 items/s
2025-06-16 01:01:12,958 - INFO - [INGESTION] Items processed: 0 new items
2025-06-16 01:01:12,959 - INFO - [INGESTION] CPU Usage: 1.1%
2025-06-16 01:01:12,959 - INFO - [INGESTION] Memory Usage: 4.2%
2025-06-16 01:01:13,075 - INFO - [INGESTION] GPU 0 Usage: 0.0%
2025-06-16 01:01:13,075 - INFO - [INGESTION] GPU 0 Memory: 15.8%
2025-06-16 01:01:13,076 - INFO - [INGESTION] GPU 1 Usage: 0.0%
2025-06-16 01:01:13,076 - INFO - [INGESTION] GPU 1 Memory: 0.0%
2025-06-16 01:01:13,076 - INFO - [INGESTION] GPU 2 Usage: 0.0%
2025-06-16 01:01:13,077 - INFO - [INGESTION] GPU 2 Memory: 0.0%
2025-06-16 01:01:13,077 - INFO - [INGESTION] GPU 3 Usage: 0.0%
2025-06-16 01:01:13,078 - INFO - [INGESTION] GPU 3 Memory: 0.0%
