2025-06-15 20:13:39,154 - INFO - [/INGEST] Latency: 0.0002 seconds
2025-06-15 20:13:39,154 - INFO - [/INGEST] Throughput: 10039.25 items/s
2025-06-15 20:13:39,154 - INFO - [/INGEST] Items processed: 2 new items
2025-06-15 20:13:39,154 - INFO - [/INGEST] CPU Usage: 0.0%
2025-06-15 20:13:39,154 - INFO - [/INGEST] Memory Usage: 3.4%
2025-06-15 20:13:39,212 - INFO - [/INGEST] GPU 0 Usage: 0.0%
2025-06-15 20:13:39,212 - INFO - [/INGEST] GPU 0 Memory: 0.0%
2025-06-15 20:13:39,212 - INFO - [/INGEST] GPU 1 Usage: 0.0%
2025-06-15 20:13:39,212 - INFO - [/INGEST] GPU 1 Memory: 0.0%
2025-06-15 20:13:39,212 - INFO - [/INGEST] GPU 2 Usage: 0.0%
2025-06-15 20:13:39,212 - INFO - [/INGEST] GPU 2 Memory: 0.0%
2025-06-15 20:13:39,212 - INFO - [/INGEST] GPU 3 Usage: 0.0%
2025-06-15 20:13:39,212 - INFO - [/INGEST] GPU 3 Memory: 0.0%
2025-06-15 20:13:39,217 - INFO - [/INGEST] Latency: 0.0003 seconds
2025-06-15 20:13:39,217 - INFO - [/INGEST] Throughput: 10592.17 items/s
2025-06-15 20:13:39,217 - INFO - [/INGEST] Items processed: 3 new items
2025-06-15 20:13:39,217 - INFO - [/INGEST] CPU Usage: 0.0%
2025-06-15 20:13:39,217 - INFO - [/INGEST] Memory Usage: 3.4%
2025-06-15 20:13:39,279 - INFO - [/INGEST] GPU 0 Usage: 0.0%
2025-06-15 20:13:39,279 - INFO - [/INGEST] GPU 0 Memory: 0.0%
2025-06-15 20:13:39,279 - INFO - [/INGEST] GPU 1 Usage: 0.0%
2025-06-15 20:13:39,279 - INFO - [/INGEST] GPU 1 Memory: 0.0%
2025-06-15 20:13:39,279 - INFO - [/INGEST] GPU 2 Usage: 0.0%
2025-06-15 20:13:39,279 - INFO - [/INGEST] GPU 2 Memory: 0.0%
2025-06-15 20:13:39,279 - INFO - [/INGEST] GPU 3 Usage: 0.0%
2025-06-15 20:13:39,279 - INFO - [/INGEST] GPU 3 Memory: 0.0%
2025-06-15 20:13:39,282 - INFO - [/RETRIEVE] Latency: 0.0000 seconds
2025-06-15 20:13:39,282 - INFO - [/RETRIEVE] Throughput: 184433.62 items/s
2025-06-15 20:13:39,282 - INFO - [/RETRIEVE] Items returned: 3 items
2025-06-15 20:13:39,282 - INFO - [/RETRIEVE] CPU Usage: 5.8%
2025-06-15 20:13:39,283 - INFO - [/RETRIEVE] Memory Usage: 3.4%
2025-06-15 20:13:39,329 - INFO - [/RETRIEVE] GPU 0 Usage: 0.0%
2025-06-15 20:13:39,329 - INFO - [/RETRIEVE] GPU 0 Memory: 0.0%
2025-06-15 20:13:39,329 - INFO - [/RETRIEVE] GPU 1 Usage: 0.0%
2025-06-15 20:13:39,329 - INFO - [/RETRIEVE] GPU 1 Memory: 0.0%
2025-06-15 20:13:39,329 - INFO - [/RETRIEVE] GPU 2 Usage: 0.0%
2025-06-15 20:13:39,330 - INFO - [/RETRIEVE] GPU 2 Memory: 0.0%
2025-06-15 20:13:39,330 - INFO - [/RETRIEVE] GPU 3 Usage: 0.0%
2025-06-15 20:13:39,330 - INFO - [/RETRIEVE] GPU 3 Memory: 0.0%
2025-06-15 20:13:39,337 - INFO - [/INGEST] Latency: 0.0003 seconds
2025-06-15 20:13:39,338 - INFO - [/INGEST] Throughput: 3952.93 items/s
2025-06-15 20:13:39,338 - INFO - [/INGEST] Items processed: 1 new items
2025-06-15 20:13:39,338 - INFO - [/INGEST] CPU Usage: 10.9%
2025-06-15 20:13:39,338 - INFO - [/INGEST] Memory Usage: 3.4%
2025-06-15 20:13:39,423 - INFO - [/INGEST] GPU 0 Usage: 0.0%
2025-06-15 20:13:39,423 - INFO - [/INGEST] GPU 0 Memory: 0.0%
2025-06-15 20:13:39,423 - INFO - [/INGEST] GPU 1 Usage: 0.0%
2025-06-15 20:13:39,423 - INFO - [/INGEST] GPU 1 Memory: 0.0%
2025-06-15 20:13:39,423 - INFO - [/INGEST] GPU 2 Usage: 0.0%
2025-06-15 20:13:39,424 - INFO - [/INGEST] GPU 2 Memory: 0.0%
2025-06-15 20:13:39,424 - INFO - [/INGEST] GPU 3 Usage: 0.0%
2025-06-15 20:13:39,424 - INFO - [/INGEST] GPU 3 Memory: 0.0%
2025-06-15 20:13:39,429 - INFO - [/INGEST] Latency: 0.0000 seconds
2025-06-15 20:13:39,429 - INFO - [/INGEST] Throughput: 0.00 items/s
2025-06-15 20:13:39,429 - INFO - [/INGEST] Items processed: 0 new items
2025-06-15 20:13:39,429 - INFO - [/INGEST] CPU Usage: 5.6%
2025-06-15 20:13:39,430 - INFO - [/INGEST] Memory Usage: 3.4%
2025-06-15 20:13:39,481 - INFO - [/INGEST] GPU 0 Usage: 0.0%
2025-06-15 20:13:39,481 - INFO - [/INGEST] GPU 0 Memory: 0.0%
2025-06-15 20:13:39,481 - INFO - [/INGEST] GPU 1 Usage: 0.0%
2025-06-15 20:13:39,481 - INFO - [/INGEST] GPU 1 Memory: 0.0%
2025-06-15 20:13:39,482 - INFO - [/INGEST] GPU 2 Usage: 0.0%
2025-06-15 20:13:39,482 - INFO - [/INGEST] GPU 2 Memory: 0.0%
2025-06-15 20:13:39,482 - INFO - [/INGEST] GPU 3 Usage: 0.0%
2025-06-15 20:13:39,482 - INFO - [/INGEST] GPU 3 Memory: 0.0%
2025-06-15 20:13:39,487 - INFO - [/RETRIEVE] Latency: 0.0000 seconds
2025-06-15 20:13:39,487 - INFO - [/RETRIEVE] Throughput: 231815.80 items/s
2025-06-15 20:13:39,487 - INFO - [/RETRIEVE] Items returned: 4 items
2025-06-15 20:13:39,487 - INFO - [/RETRIEVE] CPU Usage: 10.6%
2025-06-15 20:13:39,487 - INFO - [/RETRIEVE] Memory Usage: 3.4%
2025-06-15 20:13:39,558 - INFO - [/RETRIEVE] GPU 0 Usage: 0.0%
2025-06-15 20:13:39,559 - INFO - [/RETRIEVE] GPU 0 Memory: 0.0%
2025-06-15 20:13:39,559 - INFO - [/RETRIEVE] GPU 1 Usage: 0.0%
2025-06-15 20:13:39,559 - INFO - [/RETRIEVE] GPU 1 Memory: 0.0%
2025-06-15 20:13:39,559 - INFO - [/RETRIEVE] GPU 2 Usage: 0.0%
2025-06-15 20:13:39,559 - INFO - [/RETRIEVE] GPU 2 Memory: 0.0%
2025-06-15 20:13:39,559 - INFO - [/RETRIEVE] GPU 3 Usage: 0.0%
2025-06-15 20:13:39,560 - INFO - [/RETRIEVE] GPU 3 Memory: 0.0%
2025-06-15 20:13:41,473 - INFO - [/RETRIEVE] Latency: 0.0000 seconds
2025-06-15 20:13:41,473 - INFO - [/RETRIEVE] Throughput: 330708.57 items/s
2025-06-15 20:13:41,473 - INFO - [/RETRIEVE] Items returned: 6 items
2025-06-15 20:13:41,473 - INFO - [/RETRIEVE] CPU Usage: 0.0%
2025-06-15 20:13:41,473 - INFO - [/RETRIEVE] Memory Usage: 4.1%
2025-06-15 20:13:41,530 - INFO - [/RETRIEVE] GPU 0 Usage: 93.0%
2025-06-15 20:13:41,530 - INFO - [/RETRIEVE] GPU 0 Memory: 15.5%
2025-06-15 20:13:41,531 - INFO - [/RETRIEVE] GPU 1 Usage: 0.0%
2025-06-15 20:13:41,531 - INFO - [/RETRIEVE] GPU 1 Memory: 0.0%
2025-06-15 20:13:41,531 - INFO - [/RETRIEVE] GPU 2 Usage: 0.0%
2025-06-15 20:13:41,531 - INFO - [/RETRIEVE] GPU 2 Memory: 0.0%
2025-06-15 20:13:41,531 - INFO - [/RETRIEVE] GPU 3 Usage: 0.0%
2025-06-15 20:13:41,531 - INFO - [/RETRIEVE] GPU 3 Memory: 0.0%
2025-06-15 20:13:41,544 - INFO - [/RETRIEVE] Latency: 0.0000 seconds
2025-06-15 20:13:41,544 - INFO - [/RETRIEVE] Throughput: 226743.07 items/s
2025-06-15 20:13:41,544 - INFO - [/RETRIEVE] Items returned: 4 items
2025-06-15 20:13:41,544 - INFO - [/RETRIEVE] CPU Usage: 5.4%
2025-06-15 20:13:41,545 - INFO - [/RETRIEVE] Memory Usage: 4.1%
2025-06-15 20:13:41,657 - INFO - [/RETRIEVE] GPU 0 Usage: 44.0%
2025-06-15 20:13:41,657 - INFO - [/RETRIEVE] GPU 0 Memory: 15.5%
2025-06-15 20:13:41,658 - INFO - [/RETRIEVE] GPU 1 Usage: 0.0%
2025-06-15 20:13:41,658 - INFO - [/RETRIEVE] GPU 1 Memory: 0.0%
2025-06-15 20:13:41,658 - INFO - [/RETRIEVE] GPU 2 Usage: 0.0%
2025-06-15 20:13:41,658 - INFO - [/RETRIEVE] GPU 2 Memory: 0.0%
2025-06-15 20:13:41,658 - INFO - [/RETRIEVE] GPU 3 Usage: 0.0%
2025-06-15 20:13:41,658 - INFO - [/RETRIEVE] GPU 3 Memory: 0.0%
2025-06-15 20:13:42,168 - INFO - [/RETRIEVE] Latency: 0.0000 seconds
2025-06-15 20:13:42,168 - INFO - [/RETRIEVE] Throughput: 354863.10 items/s
2025-06-15 20:13:42,168 - INFO - [/RETRIEVE] Items returned: 6 items
2025-06-15 20:13:42,168 - INFO - [/RETRIEVE] CPU Usage: 0.0%
2025-06-15 20:13:42,168 - INFO - [/RETRIEVE] Memory Usage: 4.1%
2025-06-15 20:13:42,204 - INFO - [/RETRIEVE] GPU 0 Usage: 94.0%
2025-06-15 20:13:42,205 - INFO - [/RETRIEVE] GPU 0 Memory: 15.5%
2025-06-15 20:13:42,205 - INFO - [/RETRIEVE] GPU 1 Usage: 0.0%
2025-06-15 20:13:42,205 - INFO - [/RETRIEVE] GPU 1 Memory: 0.0%
2025-06-15 20:13:42,205 - INFO - [/RETRIEVE] GPU 2 Usage: 0.0%
2025-06-15 20:13:42,205 - INFO - [/RETRIEVE] GPU 2 Memory: 0.0%
2025-06-15 20:13:42,205 - INFO - [/RETRIEVE] GPU 3 Usage: 0.0%
2025-06-15 20:13:42,205 - INFO - [/RETRIEVE] GPU 3 Memory: 0.0%
2025-06-15 20:13:42,215 - INFO - [/RETRIEVE] Latency: 0.0000 seconds
2025-06-15 20:13:42,215 - INFO - [/RETRIEVE] Throughput: 310797.85 items/s
2025-06-15 20:13:42,215 - INFO - [/RETRIEVE] Items returned: 6 items
2025-06-15 20:13:42,215 - INFO - [/RETRIEVE] CPU Usage: 5.4%
2025-06-15 20:13:42,215 - INFO - [/RETRIEVE] Memory Usage: 4.1%
2025-06-15 20:13:42,253 - INFO - [/RETRIEVE] GPU 0 Usage: 58.0%
2025-06-15 20:13:42,253 - INFO - [/RETRIEVE] GPU 0 Memory: 15.5%
2025-06-15 20:13:42,253 - INFO - [/RETRIEVE] GPU 1 Usage: 0.0%
2025-06-15 20:13:42,253 - INFO - [/RETRIEVE] GPU 1 Memory: 0.0%
2025-06-15 20:13:42,253 - INFO - [/RETRIEVE] GPU 2 Usage: 0.0%
2025-06-15 20:13:42,254 - INFO - [/RETRIEVE] GPU 2 Memory: 0.0%
2025-06-15 20:13:42,254 - INFO - [/RETRIEVE] GPU 3 Usage: 0.0%
2025-06-15 20:13:42,254 - INFO - [/RETRIEVE] GPU 3 Memory: 0.0%
2025-06-15 20:13:42,258 - INFO - [/INGEST] Latency: 0.0002 seconds
2025-06-15 20:13:42,258 - INFO - [/INGEST] Throughput: 6180.43 items/s
2025-06-15 20:13:42,258 - INFO - [/INGEST] Items processed: 1 new items
2025-06-15 20:13:42,259 - INFO - [/INGEST] CPU Usage: 8.6%
2025-06-15 20:13:42,259 - INFO - [/INGEST] Memory Usage: 4.1%
2025-06-15 20:13:42,321 - INFO - [/INGEST] GPU 0 Usage: 58.0%
2025-06-15 20:13:42,321 - INFO - [/INGEST] GPU 0 Memory: 15.5%
2025-06-15 20:13:42,321 - INFO - [/INGEST] GPU 1 Usage: 0.0%
2025-06-15 20:13:42,321 - INFO - [/INGEST] GPU 1 Memory: 0.0%
2025-06-15 20:13:42,321 - INFO - [/INGEST] GPU 2 Usage: 0.0%
2025-06-15 20:13:42,321 - INFO - [/INGEST] GPU 2 Memory: 0.0%
2025-06-15 20:13:42,321 - INFO - [/INGEST] GPU 3 Usage: 0.0%
2025-06-15 20:13:42,321 - INFO - [/INGEST] GPU 3 Memory: 0.0%
