2025-06-16 01:12:06,499 - INFO - [STARTUP] Latency: 0.0004 seconds
2025-06-16 01:12:06,500 - INFO - [STARTUP] Throughput: 0.00 items/s
2025-06-16 01:12:06,500 - INFO - [STARTUP] Items processed: 0 items
2025-06-16 01:12:06,500 - INFO - [STARTUP] CPU Usage: 18.9%
2025-06-16 01:12:06,500 - INFO - [STARTUP] Memory Usage: 3.3%
2025-06-16 01:12:06,546 - INFO - [STARTUP] GPU 0 Usage: 0.0%
2025-06-16 01:12:06,546 - INFO - [STARTUP] GPU 0 Memory: 0.0%
2025-06-16 01:12:06,546 - INFO - [STARTUP] GPU 1 Usage: 0.0%
2025-06-16 01:12:06,547 - INFO - [STARTUP] GPU 1 Memory: 0.0%
2025-06-16 01:12:06,547 - INFO - [STARTUP] GPU 2 Usage: 0.0%
2025-06-16 01:12:06,547 - INFO - [STARTUP] GPU 2 Memory: 0.0%
2025-06-16 01:12:06,547 - INFO - [STARTUP] GPU 3 Usage: 0.0%
2025-06-16 01:12:06,548 - INFO - [STARTUP] GPU 3 Memory: 0.0%
2025-06-16 01:12:06,549 - INFO - [INGESTION] Latency: 0.0012 seconds
2025-06-16 01:12:06,550 - INFO - [INGESTION] Throughput: 0.00 items/s
2025-06-16 01:12:06,550 - INFO - [INGESTION] Items processed: 0 new items
2025-06-16 01:12:06,551 - INFO - [INGESTION] CPU Usage: 11.9%
2025-06-16 01:12:06,551 - INFO - [INGESTION] Memory Usage: 3.3%
2025-06-16 01:12:06,610 - INFO - [INGESTION] GPU 0 Usage: 0.0%
2025-06-16 01:12:06,611 - INFO - [INGESTION] GPU 0 Memory: 0.0%
2025-06-16 01:12:06,611 - INFO - [INGESTION] GPU 1 Usage: 0.0%
2025-06-16 01:12:06,611 - INFO - [INGESTION] GPU 1 Memory: 0.0%
2025-06-16 01:12:06,611 - INFO - [INGESTION] GPU 2 Usage: 0.0%
2025-06-16 01:12:06,611 - INFO - [INGESTION] GPU 2 Memory: 0.0%
2025-06-16 01:12:06,611 - INFO - [INGESTION] GPU 3 Usage: 0.0%
2025-06-16 01:12:06,611 - INFO - [INGESTION] GPU 3 Memory: 0.0%
2025-06-16 01:12:36,612 - INFO - [INGESTION] Latency: 0.0012 seconds
2025-06-16 01:12:36,613 - INFO - [INGESTION] Throughput: 0.00 items/s
2025-06-16 01:12:36,613 - INFO - [INGESTION] Items processed: 0 new items
2025-06-16 01:12:36,614 - INFO - [INGESTION] CPU Usage: 0.6%
2025-06-16 01:12:36,615 - INFO - [INGESTION] Memory Usage: 3.3%
2025-06-16 01:12:36,658 - INFO - [INGESTION] GPU 0 Usage: 0.0%
2025-06-16 01:12:36,659 - INFO - [INGESTION] GPU 0 Memory: 0.0%
2025-06-16 01:12:36,659 - INFO - [INGESTION] GPU 1 Usage: 0.0%
2025-06-16 01:12:36,659 - INFO - [INGESTION] GPU 1 Memory: 0.0%
2025-06-16 01:12:36,659 - INFO - [INGESTION] GPU 2 Usage: 0.0%
2025-06-16 01:12:36,659 - INFO - [INGESTION] GPU 2 Memory: 0.0%
2025-06-16 01:12:36,659 - INFO - [INGESTION] GPU 3 Usage: 0.0%
2025-06-16 01:12:36,659 - INFO - [INGESTION] GPU 3 Memory: 0.0%
2025-06-16 01:12:47,420 - INFO - [/RETRIEVE] Latency: 0.0000 seconds
2025-06-16 01:12:47,420 - INFO - [/RETRIEVE] Throughput: 0.00 items/s
2025-06-16 01:12:47,420 - INFO - [/RETRIEVE] Items returned: 0 items
2025-06-16 01:12:47,420 - INFO - [/RETRIEVE] CPU Usage: 0.0%
2025-06-16 01:12:47,420 - INFO - [/RETRIEVE] Memory Usage: 3.3%
2025-06-16 01:12:47,475 - INFO - [/RETRIEVE] GPU 0 Usage: 0.0%
2025-06-16 01:12:47,475 - INFO - [/RETRIEVE] GPU 0 Memory: 0.0%
2025-06-16 01:12:47,475 - INFO - [/RETRIEVE] GPU 1 Usage: 0.0%
2025-06-16 01:12:47,475 - INFO - [/RETRIEVE] GPU 1 Memory: 0.0%
2025-06-16 01:12:47,475 - INFO - [/RETRIEVE] GPU 2 Usage: 0.0%
2025-06-16 01:12:47,475 - INFO - [/RETRIEVE] GPU 2 Memory: 0.0%
2025-06-16 01:12:47,476 - INFO - [/RETRIEVE] GPU 3 Usage: 0.0%
2025-06-16 01:12:47,476 - INFO - [/RETRIEVE] GPU 3 Memory: 0.0%
2025-06-16 01:13:06,661 - INFO - [INGESTION] Latency: 0.0005 seconds
2025-06-16 01:13:06,661 - INFO - [INGESTION] Throughput: 0.00 items/s
2025-06-16 01:13:06,661 - INFO - [INGESTION] Items processed: 0 new items
2025-06-16 01:13:06,661 - INFO - [INGESTION] CPU Usage: 0.7%
2025-06-16 01:13:06,661 - INFO - [INGESTION] Memory Usage: 3.4%
2025-06-16 01:13:06,709 - INFO - [INGESTION] GPU 0 Usage: 0.0%
2025-06-16 01:13:06,709 - INFO - [INGESTION] GPU 0 Memory: 0.0%
2025-06-16 01:13:06,709 - INFO - [INGESTION] GPU 1 Usage: 0.0%
2025-06-16 01:13:06,709 - INFO - [INGESTION] GPU 1 Memory: 0.0%
2025-06-16 01:13:06,709 - INFO - [INGESTION] GPU 2 Usage: 0.0%
2025-06-16 01:13:06,710 - INFO - [INGESTION] GPU 2 Memory: 0.0%
2025-06-16 01:13:06,710 - INFO - [INGESTION] GPU 3 Usage: 0.0%
2025-06-16 01:13:06,710 - INFO - [INGESTION] GPU 3 Memory: 0.0%
2025-06-16 01:13:19,292 - INFO - [/RETRIEVE] Latency: 0.0000 seconds
2025-06-16 01:13:19,292 - INFO - [/RETRIEVE] Throughput: 0.00 items/s
2025-06-16 01:13:19,292 - INFO - [/RETRIEVE] Items returned: 0 items
2025-06-16 01:13:19,293 - INFO - [/RETRIEVE] CPU Usage: 0.7%
2025-06-16 01:13:19,293 - INFO - [/RETRIEVE] Memory Usage: 3.4%
2025-06-16 01:13:19,349 - INFO - [/RETRIEVE] GPU 0 Usage: 0.0%
2025-06-16 01:13:19,349 - INFO - [/RETRIEVE] GPU 0 Memory: 0.0%
2025-06-16 01:13:19,349 - INFO - [/RETRIEVE] GPU 1 Usage: 0.0%
2025-06-16 01:13:19,350 - INFO - [/RETRIEVE] GPU 1 Memory: 0.0%
2025-06-16 01:13:19,350 - INFO - [/RETRIEVE] GPU 2 Usage: 0.0%
2025-06-16 01:13:19,350 - INFO - [/RETRIEVE] GPU 2 Memory: 0.0%
2025-06-16 01:13:19,350 - INFO - [/RETRIEVE] GPU 3 Usage: 0.0%
2025-06-16 01:13:19,350 - INFO - [/RETRIEVE] GPU 3 Memory: 0.0%
2025-06-16 01:13:36,711 - INFO - [INGESTION] Latency: 0.0011 seconds
2025-06-16 01:13:36,712 - INFO - [INGESTION] Throughput: 0.00 items/s
2025-06-16 01:13:36,712 - INFO - [INGESTION] Items processed: 0 new items
2025-06-16 01:13:36,713 - INFO - [INGESTION] CPU Usage: 0.7%
2025-06-16 01:13:36,713 - INFO - [INGESTION] Memory Usage: 3.4%
2025-06-16 01:13:36,775 - INFO - [INGESTION] GPU 0 Usage: 0.0%
2025-06-16 01:13:36,775 - INFO - [INGESTION] GPU 0 Memory: 0.0%
2025-06-16 01:13:36,775 - INFO - [INGESTION] GPU 1 Usage: 0.0%
2025-06-16 01:13:36,775 - INFO - [INGESTION] GPU 1 Memory: 0.0%
2025-06-16 01:13:36,775 - INFO - [INGESTION] GPU 2 Usage: 0.0%
2025-06-16 01:13:36,775 - INFO - [INGESTION] GPU 2 Memory: 0.0%
2025-06-16 01:13:36,775 - INFO - [INGESTION] GPU 3 Usage: 0.0%
2025-06-16 01:13:36,775 - INFO - [INGESTION] GPU 3 Memory: 0.0%
2025-06-16 01:14:06,776 - INFO - [INGESTION] Latency: 0.0012 seconds
2025-06-16 01:14:06,777 - INFO - [INGESTION] Throughput: 0.00 items/s
2025-06-16 01:14:06,777 - INFO - [INGESTION] Items processed: 0 new items
2025-06-16 01:14:06,778 - INFO - [INGESTION] CPU Usage: 0.5%
2025-06-16 01:14:06,779 - INFO - [INGESTION] Memory Usage: 3.4%
2025-06-16 01:14:06,843 - INFO - [INGESTION] GPU 0 Usage: 0.0%
2025-06-16 01:14:06,843 - INFO - [INGESTION] GPU 0 Memory: 0.0%
2025-06-16 01:14:06,843 - INFO - [INGESTION] GPU 1 Usage: 0.0%
2025-06-16 01:14:06,844 - INFO - [INGESTION] GPU 1 Memory: 0.0%
2025-06-16 01:14:06,844 - INFO - [INGESTION] GPU 2 Usage: 0.0%
2025-06-16 01:14:06,844 - INFO - [INGESTION] GPU 2 Memory: 0.0%
2025-06-16 01:14:06,844 - INFO - [INGESTION] GPU 3 Usage: 0.0%
2025-06-16 01:14:06,844 - INFO - [INGESTION] GPU 3 Memory: 0.0%
2025-06-16 01:14:36,846 - INFO - [INGESTION] Latency: 0.0010 seconds
2025-06-16 01:14:36,846 - INFO - [INGESTION] Throughput: 0.00 items/s
2025-06-16 01:14:36,847 - INFO - [INGESTION] Items processed: 0 new items
2025-06-16 01:14:36,848 - INFO - [INGESTION] CPU Usage: 0.5%
2025-06-16 01:14:36,848 - INFO - [INGESTION] Memory Usage: 3.4%
2025-06-16 01:14:36,912 - INFO - [INGESTION] GPU 0 Usage: 0.0%
2025-06-16 01:14:36,912 - INFO - [INGESTION] GPU 0 Memory: 0.0%
2025-06-16 01:14:36,912 - INFO - [INGESTION] GPU 1 Usage: 0.0%
2025-06-16 01:14:36,912 - INFO - [INGESTION] GPU 1 Memory: 0.0%
2025-06-16 01:14:36,912 - INFO - [INGESTION] GPU 2 Usage: 0.0%
2025-06-16 01:14:36,912 - INFO - [INGESTION] GPU 2 Memory: 0.0%
2025-06-16 01:14:36,912 - INFO - [INGESTION] GPU 3 Usage: 0.0%
2025-06-16 01:14:36,913 - INFO - [INGESTION] GPU 3 Memory: 0.0%
2025-06-16 01:15:06,914 - INFO - [INGESTION] Latency: 0.0012 seconds
2025-06-16 01:15:06,915 - INFO - [INGESTION] Throughput: 0.00 items/s
2025-06-16 01:15:06,915 - INFO - [INGESTION] Items processed: 0 new items
2025-06-16 01:15:06,916 - INFO - [INGESTION] CPU Usage: 0.5%
2025-06-16 01:15:06,916 - INFO - [INGESTION] Memory Usage: 3.4%
2025-06-16 01:15:06,979 - INFO - [INGESTION] GPU 0 Usage: 0.0%
2025-06-16 01:15:06,980 - INFO - [INGESTION] GPU 0 Memory: 0.0%
2025-06-16 01:15:06,980 - INFO - [INGESTION] GPU 1 Usage: 0.0%
2025-06-16 01:15:06,980 - INFO - [INGESTION] GPU 1 Memory: 0.0%
2025-06-16 01:15:06,980 - INFO - [INGESTION] GPU 2 Usage: 0.0%
2025-06-16 01:15:06,980 - INFO - [INGESTION] GPU 2 Memory: 0.0%
2025-06-16 01:15:06,980 - INFO - [INGESTION] GPU 3 Usage: 0.0%
2025-06-16 01:15:06,980 - INFO - [INGESTION] GPU 3 Memory: 0.0%
