2025-06-16 00:59:55,662 - INFO - [STARTUP] Latency: 22.0575 seconds
2025-06-16 00:59:55,662 - INFO - [STARTUP] Throughput: 0.36 items/s
2025-06-16 00:59:55,662 - INFO - [STARTUP] Items processed: 8 items
2025-06-16 00:59:55,663 - INFO - [STARTUP] CPU Usage: 12.7%
2025-06-16 00:59:55,663 - INFO - [STARTUP] Memory Usage: 5.1%
2025-06-16 00:59:55,737 - INFO - [STARTUP] GPU 0 Usage: 70.0%
2025-06-16 00:59:55,738 - INFO - [STARTUP] GPU 0 Memory: 15.8%
2025-06-16 00:59:55,738 - INFO - [STARTUP] GPU 1 Usage: 0.0%
2025-06-16 00:59:55,738 - INFO - [STARTUP] GPU 1 Memory: 0.0%
2025-06-16 00:59:55,738 - INFO - [STARTUP] GPU 2 Usage: 0.0%
2025-06-16 00:59:55,738 - INFO - [STARTUP] GPU 2 Memory: 0.0%
2025-06-16 00:59:55,738 - INFO - [STARTUP] GPU 3 Usage: 0.0%
2025-06-16 00:59:55,738 - INFO - [STARTUP] GPU 3 Memory: 0.0%
2025-06-16 00:59:58,000 - INFO - [INGESTION] Latency: 2.2611 seconds
2025-06-16 00:59:58,000 - INFO - [INGESTION] Throughput: 0.00 items/s
2025-06-16 00:59:58,000 - INFO - [INGESTION] Items processed: 0 new items
2025-06-16 00:59:58,000 - INFO - [INGESTION] CPU Usage: 1.5%
2025-06-16 00:59:58,000 - INFO - [INGESTION] Memory Usage: 5.1%
2025-06-16 00:59:58,058 - INFO - [INGESTION] GPU 0 Usage: 0.0%
2025-06-16 00:59:58,059 - INFO - [INGESTION] GPU 0 Memory: 15.8%
2025-06-16 00:59:58,059 - INFO - [INGESTION] GPU 1 Usage: 0.0%
2025-06-16 00:59:58,059 - INFO - [INGESTION] GPU 1 Memory: 0.0%
2025-06-16 00:59:58,059 - INFO - [INGESTION] GPU 2 Usage: 0.0%
2025-06-16 00:59:58,059 - INFO - [INGESTION] GPU 2 Memory: 0.0%
2025-06-16 00:59:58,059 - INFO - [INGESTION] GPU 3 Usage: 0.0%
2025-06-16 00:59:58,059 - INFO - [INGESTION] GPU 3 Memory: 0.0%
