2025-06-16 01:04:16,781 - INFO - [STARTUP] Latency: 8.4968 seconds
2025-06-16 01:04:16,782 - INFO - [STARTUP] Throughput: 0.94 items/s
2025-06-16 01:04:16,782 - INFO - [STARTUP] Items processed: 8 items
2025-06-16 01:04:16,782 - INFO - [STARTUP] CPU Usage: 13.6%
2025-06-16 01:04:16,782 - INFO - [STARTUP] Memory Usage: 4.1%
2025-06-16 01:04:16,842 - INFO - [STARTUP] GPU 0 Usage: 93.0%
2025-06-16 01:04:16,843 - INFO - [STARTUP] GPU 0 Memory: 15.8%
2025-06-16 01:04:16,843 - INFO - [STARTUP] GPU 1 Usage: 0.0%
2025-06-16 01:04:16,843 - INFO - [STARTUP] GPU 1 Memory: 0.0%
2025-06-16 01:04:16,843 - INFO - [STARTUP] GPU 2 Usage: 0.0%
2025-06-16 01:04:16,843 - INFO - [STARTUP] GPU 2 Memory: 0.0%
2025-06-16 01:04:16,843 - INFO - [STARTUP] GPU 3 Usage: 0.0%
2025-06-16 01:04:16,843 - INFO - [STARTUP] GPU 3 Memory: 0.0%
2025-06-16 01:04:19,259 - INFO - [INGESTION] Latency: 2.4159 seconds
2025-06-16 01:04:19,259 - INFO - [INGESTION] Throughput: 0.00 items/s
2025-06-16 01:04:19,259 - INFO - [INGESTION] Items processed: 0 new items
2025-06-16 01:04:19,259 - INFO - [INGESTION] CPU Usage: 1.6%
2025-06-16 01:04:19,259 - INFO - [INGESTION] Memory Usage: 4.1%
2025-06-16 01:04:19,334 - INFO - [INGESTION] GPU 0 Usage: 0.0%
2025-06-16 01:04:19,334 - INFO - [INGESTION] GPU 0 Memory: 15.8%
2025-06-16 01:04:19,334 - INFO - [INGESTION] GPU 1 Usage: 0.0%
2025-06-16 01:04:19,334 - INFO - [INGESTION] GPU 1 Memory: 0.0%
2025-06-16 01:04:19,335 - INFO - [INGESTION] GPU 2 Usage: 0.0%
2025-06-16 01:04:19,335 - INFO - [INGESTION] GPU 2 Memory: 0.0%
2025-06-16 01:04:19,335 - INFO - [INGESTION] GPU 3 Usage: 0.0%
2025-06-16 01:04:19,335 - INFO - [INGESTION] GPU 3 Memory: 0.0%
2025-06-16 01:04:38,287 - INFO - [/RETRIEVE] Latency: 0.0000 seconds
2025-06-16 01:04:38,287 - INFO - [/RETRIEVE] Throughput: 267809.87 items/s
2025-06-16 01:04:38,287 - INFO - [/RETRIEVE] Items returned: 8 items
2025-06-16 01:04:38,287 - INFO - [/RETRIEVE] CPU Usage: 0.0%
2025-06-16 01:04:38,287 - INFO - [/RETRIEVE] Memory Usage: 4.1%
2025-06-16 01:04:38,346 - INFO - [/RETRIEVE] GPU 0 Usage: 0.0%
2025-06-16 01:04:38,346 - INFO - [/RETRIEVE] GPU 0 Memory: 15.8%
2025-06-16 01:04:38,346 - INFO - [/RETRIEVE] GPU 1 Usage: 0.0%
2025-06-16 01:04:38,346 - INFO - [/RETRIEVE] GPU 1 Memory: 0.0%
2025-06-16 01:04:38,346 - INFO - [/RETRIEVE] GPU 2 Usage: 0.0%
2025-06-16 01:04:38,347 - INFO - [/RETRIEVE] GPU 2 Memory: 0.0%
2025-06-16 01:04:38,347 - INFO - [/RETRIEVE] GPU 3 Usage: 0.0%
2025-06-16 01:04:38,347 - INFO - [/RETRIEVE] GPU 3 Memory: 0.0%
2025-06-16 01:04:51,654 - INFO - [INGESTION] Latency: 2.3192 seconds
2025-06-16 01:04:51,654 - INFO - [INGESTION] Throughput: 0.00 items/s
2025-06-16 01:04:51,654 - INFO - [INGESTION] Items processed: 0 new items
2025-06-16 01:04:51,654 - INFO - [INGESTION] CPU Usage: 0.8%
2025-06-16 01:04:51,655 - INFO - [INGESTION] Memory Usage: 4.1%
2025-06-16 01:04:51,712 - INFO - [INGESTION] GPU 0 Usage: 0.0%
2025-06-16 01:04:51,712 - INFO - [INGESTION] GPU 0 Memory: 15.8%
2025-06-16 01:04:51,712 - INFO - [INGESTION] GPU 1 Usage: 0.0%
2025-06-16 01:04:51,712 - INFO - [INGESTION] GPU 1 Memory: 0.0%
2025-06-16 01:04:51,712 - INFO - [INGESTION] GPU 2 Usage: 0.0%
2025-06-16 01:04:51,712 - INFO - [INGESTION] GPU 2 Memory: 0.0%
2025-06-16 01:04:51,712 - INFO - [INGESTION] GPU 3 Usage: 0.0%
2025-06-16 01:04:51,713 - INFO - [INGESTION] GPU 3 Memory: 0.0%
2025-06-16 01:05:24,123 - INFO - [INGESTION] Latency: 2.4094 seconds
2025-06-16 01:05:24,123 - INFO - [INGESTION] Throughput: 0.42 items/s
2025-06-16 01:05:24,123 - INFO - [INGESTION] Items processed: 1 new items
2025-06-16 01:05:24,123 - INFO - [INGESTION] CPU Usage: 0.6%
2025-06-16 01:05:24,123 - INFO - [INGESTION] Memory Usage: 4.1%
2025-06-16 01:05:24,178 - INFO - [INGESTION] GPU 0 Usage: 57.0%
2025-06-16 01:05:24,178 - INFO - [INGESTION] GPU 0 Memory: 15.8%
2025-06-16 01:05:24,178 - INFO - [INGESTION] GPU 1 Usage: 0.0%
2025-06-16 01:05:24,178 - INFO - [INGESTION] GPU 1 Memory: 0.0%
2025-06-16 01:05:24,179 - INFO - [INGESTION] GPU 2 Usage: 0.0%
2025-06-16 01:05:24,179 - INFO - [INGESTION] GPU 2 Memory: 0.0%
2025-06-16 01:05:24,179 - INFO - [INGESTION] GPU 3 Usage: 0.0%
2025-06-16 01:05:24,179 - INFO - [INGESTION] GPU 3 Memory: 0.0%
2025-06-16 01:05:56,394 - INFO - [INGESTION] Latency: 2.2145 seconds
2025-06-16 01:05:56,394 - INFO - [INGESTION] Throughput: 0.00 items/s
2025-06-16 01:05:56,394 - INFO - [INGESTION] Items processed: 0 new items
2025-06-16 01:05:56,395 - INFO - [INGESTION] CPU Usage: 0.6%
2025-06-16 01:05:56,395 - INFO - [INGESTION] Memory Usage: 4.1%
2025-06-16 01:05:56,432 - INFO - [INGESTION] GPU 0 Usage: 0.0%
2025-06-16 01:05:56,433 - INFO - [INGESTION] GPU 0 Memory: 15.8%
2025-06-16 01:05:56,433 - INFO - [INGESTION] GPU 1 Usage: 0.0%
2025-06-16 01:05:56,433 - INFO - [INGESTION] GPU 1 Memory: 0.0%
2025-06-16 01:05:56,433 - INFO - [INGESTION] GPU 2 Usage: 0.0%
2025-06-16 01:05:56,433 - INFO - [INGESTION] GPU 2 Memory: 0.0%
2025-06-16 01:05:56,433 - INFO - [INGESTION] GPU 3 Usage: 0.0%
2025-06-16 01:05:56,433 - INFO - [INGESTION] GPU 3 Memory: 0.0%
2025-06-16 01:06:28,818 - INFO - [INGESTION] Latency: 2.3850 seconds
2025-06-16 01:06:28,818 - INFO - [INGESTION] Throughput: 0.00 items/s
2025-06-16 01:06:28,818 - INFO - [INGESTION] Items processed: 0 new items
2025-06-16 01:06:28,819 - INFO - [INGESTION] CPU Usage: 0.6%
2025-06-16 01:06:28,819 - INFO - [INGESTION] Memory Usage: 4.1%
2025-06-16 01:06:28,876 - INFO - [INGESTION] GPU 0 Usage: 0.0%
2025-06-16 01:06:28,876 - INFO - [INGESTION] GPU 0 Memory: 15.8%
2025-06-16 01:06:28,876 - INFO - [INGESTION] GPU 1 Usage: 0.0%
2025-06-16 01:06:28,876 - INFO - [INGESTION] GPU 1 Memory: 0.0%
2025-06-16 01:06:28,876 - INFO - [INGESTION] GPU 2 Usage: 0.0%
2025-06-16 01:06:28,876 - INFO - [INGESTION] GPU 2 Memory: 0.0%
2025-06-16 01:06:28,876 - INFO - [INGESTION] GPU 3 Usage: 0.0%
2025-06-16 01:06:28,877 - INFO - [INGESTION] GPU 3 Memory: 0.0%
2025-06-16 01:07:01,336 - INFO - [INGESTION] Latency: 2.4593 seconds
2025-06-16 01:07:01,336 - INFO - [INGESTION] Throughput: 0.00 items/s
2025-06-16 01:07:01,336 - INFO - [INGESTION] Items processed: 0 new items
2025-06-16 01:07:01,336 - INFO - [INGESTION] CPU Usage: 0.6%
2025-06-16 01:07:01,337 - INFO - [INGESTION] Memory Usage: 4.1%
2025-06-16 01:07:01,391 - INFO - [INGESTION] GPU 0 Usage: 0.0%
2025-06-16 01:07:01,391 - INFO - [INGESTION] GPU 0 Memory: 15.8%
2025-06-16 01:07:01,391 - INFO - [INGESTION] GPU 1 Usage: 0.0%
2025-06-16 01:07:01,391 - INFO - [INGESTION] GPU 1 Memory: 0.0%
2025-06-16 01:07:01,392 - INFO - [INGESTION] GPU 2 Usage: 0.0%
2025-06-16 01:07:01,392 - INFO - [INGESTION] GPU 2 Memory: 0.0%
2025-06-16 01:07:01,392 - INFO - [INGESTION] GPU 3 Usage: 0.0%
2025-06-16 01:07:01,392 - INFO - [INGESTION] GPU 3 Memory: 0.0%
2025-06-16 01:07:33,750 - INFO - [INGESTION] Latency: 2.3577 seconds
2025-06-16 01:07:33,750 - INFO - [INGESTION] Throughput: 0.00 items/s
2025-06-16 01:07:33,750 - INFO - [INGESTION] Items processed: 0 new items
2025-06-16 01:07:33,750 - INFO - [INGESTION] CPU Usage: 0.4%
2025-06-16 01:07:33,750 - INFO - [INGESTION] Memory Usage: 4.1%
2025-06-16 01:07:33,812 - INFO - [INGESTION] GPU 0 Usage: 0.0%
2025-06-16 01:07:33,812 - INFO - [INGESTION] GPU 0 Memory: 15.8%
2025-06-16 01:07:33,812 - INFO - [INGESTION] GPU 1 Usage: 0.0%
2025-06-16 01:07:33,812 - INFO - [INGESTION] GPU 1 Memory: 0.0%
2025-06-16 01:07:33,812 - INFO - [INGESTION] GPU 2 Usage: 0.0%
2025-06-16 01:07:33,812 - INFO - [INGESTION] GPU 2 Memory: 0.0%
2025-06-16 01:07:33,812 - INFO - [INGESTION] GPU 3 Usage: 0.0%
2025-06-16 01:07:33,812 - INFO - [INGESTION] GPU 3 Memory: 0.0%
2025-06-16 01:08:06,082 - INFO - [INGESTION] Latency: 2.2699 seconds
2025-06-16 01:08:06,082 - INFO - [INGESTION] Throughput: 0.00 items/s
2025-06-16 01:08:06,082 - INFO - [INGESTION] Items processed: 0 new items
2025-06-16 01:08:06,083 - INFO - [INGESTION] CPU Usage: 0.5%
2025-06-16 01:08:06,083 - INFO - [INGESTION] Memory Usage: 4.1%
2025-06-16 01:08:06,120 - INFO - [INGESTION] GPU 0 Usage: 0.0%
2025-06-16 01:08:06,120 - INFO - [INGESTION] GPU 0 Memory: 15.8%
2025-06-16 01:08:06,120 - INFO - [INGESTION] GPU 1 Usage: 0.0%
2025-06-16 01:08:06,120 - INFO - [INGESTION] GPU 1 Memory: 0.0%
2025-06-16 01:08:06,120 - INFO - [INGESTION] GPU 2 Usage: 0.0%
2025-06-16 01:08:06,121 - INFO - [INGESTION] GPU 2 Memory: 0.0%
2025-06-16 01:08:06,121 - INFO - [INGESTION] GPU 3 Usage: 0.0%
2025-06-16 01:08:06,121 - INFO - [INGESTION] GPU 3 Memory: 0.0%
2025-06-16 01:08:38,437 - INFO - [INGESTION] Latency: 2.3164 seconds
2025-06-16 01:08:38,437 - INFO - [INGESTION] Throughput: 0.00 items/s
2025-06-16 01:08:38,437 - INFO - [INGESTION] Items processed: 0 new items
2025-06-16 01:08:38,437 - INFO - [INGESTION] CPU Usage: 0.4%
2025-06-16 01:08:38,437 - INFO - [INGESTION] Memory Usage: 4.1%
2025-06-16 01:08:38,495 - INFO - [INGESTION] GPU 0 Usage: 0.0%
2025-06-16 01:08:38,496 - INFO - [INGESTION] GPU 0 Memory: 15.8%
2025-06-16 01:08:38,496 - INFO - [INGESTION] GPU 1 Usage: 0.0%
2025-06-16 01:08:38,496 - INFO - [INGESTION] GPU 1 Memory: 0.0%
2025-06-16 01:08:38,496 - INFO - [INGESTION] GPU 2 Usage: 0.0%
2025-06-16 01:08:38,496 - INFO - [INGESTION] GPU 2 Memory: 0.0%
2025-06-16 01:08:38,496 - INFO - [INGESTION] GPU 3 Usage: 0.0%
2025-06-16 01:08:38,496 - INFO - [INGESTION] GPU 3 Memory: 0.0%
