2025-06-15 20:45:26,435 - INFO - [STARTUP] Latency: 7.8389 seconds
2025-06-15 20:45:26,435 - INFO - [STARTUP] Throughput: 1.02 items/s
2025-06-15 20:45:26,435 - INFO - [STARTUP] Items processed: 8 items
2025-06-15 20:45:26,436 - INFO - [STARTUP] CPU Usage: 13.2%
2025-06-15 20:45:26,436 - INFO - [STARTUP] Memory Usage: 4.1%
2025-06-15 20:45:26,472 - INFO - [STARTUP] GPU 0 Usage: 93.0%
2025-06-15 20:45:26,472 - INFO - [STARTUP] GPU 0 Memory: 15.6%
2025-06-15 20:45:26,472 - INFO - [STARTUP] GPU 1 Usage: 0.0%
2025-06-15 20:45:26,472 - INFO - [STARTUP] GPU 1 Memory: 0.0%
2025-06-15 20:45:26,472 - INFO - [STARTUP] GPU 2 Usage: 0.0%
2025-06-15 20:45:26,472 - INFO - [STARTUP] GPU 2 Memory: 0.0%
2025-06-15 20:45:26,472 - INFO - [STARTUP] GPU 3 Usage: 0.0%
2025-06-15 20:45:26,472 - INFO - [STARTUP] GPU 3 Memory: 0.0%
2025-06-15 20:45:29,010 - INFO - [INGESTION] Latency: 2.5373 seconds
2025-06-15 20:45:29,010 - INFO - [INGESTION] Throughput: 0.00 items/s
2025-06-15 20:45:29,010 - INFO - [INGESTION] Items processed: 0 new items
2025-06-15 20:45:29,010 - INFO - [INGESTION] CPU Usage: 1.7%
2025-06-15 20:45:29,010 - INFO - [INGESTION] Memory Usage: 4.1%
2025-06-15 20:45:29,066 - INFO - [INGESTION] GPU 0 Usage: 0.0%
2025-06-15 20:45:29,066 - INFO - [INGESTION] GPU 0 Memory: 15.6%
2025-06-15 20:45:29,066 - INFO - [INGESTION] GPU 1 Usage: 0.0%
2025-06-15 20:45:29,066 - INFO - [INGESTION] GPU 1 Memory: 0.0%
2025-06-15 20:45:29,066 - INFO - [INGESTION] GPU 2 Usage: 0.0%
2025-06-15 20:45:29,067 - INFO - [INGESTION] GPU 2 Memory: 0.0%
2025-06-15 20:45:29,067 - INFO - [INGESTION] GPU 3 Usage: 0.0%
2025-06-15 20:45:29,067 - INFO - [INGESTION] GPU 3 Memory: 0.0%
2025-06-15 20:45:38,089 - INFO - [/RETRIEVE] Latency: 0.0000 seconds
2025-06-15 20:45:38,089 - INFO - [/RETRIEVE] Throughput: 317033.17 items/s
2025-06-15 20:45:38,089 - INFO - [/RETRIEVE] Items returned: 8 items
2025-06-15 20:45:38,089 - INFO - [/RETRIEVE] CPU Usage: 0.0%
2025-06-15 20:45:38,089 - INFO - [/RETRIEVE] Memory Usage: 4.7%
2025-06-15 20:45:38,150 - INFO - [/RETRIEVE] GPU 0 Usage: 0.0%
2025-06-15 20:45:38,150 - INFO - [/RETRIEVE] GPU 0 Memory: 15.6%
2025-06-15 20:45:38,151 - INFO - [/RETRIEVE] GPU 1 Usage: 0.0%
2025-06-15 20:45:38,151 - INFO - [/RETRIEVE] GPU 1 Memory: 0.0%
2025-06-15 20:45:38,151 - INFO - [/RETRIEVE] GPU 2 Usage: 0.0%
2025-06-15 20:45:38,151 - INFO - [/RETRIEVE] GPU 2 Memory: 0.0%
2025-06-15 20:45:38,151 - INFO - [/RETRIEVE] GPU 3 Usage: 0.0%
2025-06-15 20:45:38,151 - INFO - [/RETRIEVE] GPU 3 Memory: 0.0%
