2025-06-16 01:15:11,356 - INFO - [STARTUP] Latency: 0.0004 seconds
2025-06-16 01:15:11,356 - INFO - [STARTUP] Throughput: 0.00 items/s
2025-06-16 01:15:11,356 - INFO - [STARTUP] Items processed: 0 items
2025-06-16 01:15:11,356 - INFO - [STARTUP] CPU Usage: 16.6%
2025-06-16 01:15:11,356 - INFO - [STARTUP] Memory Usage: 3.3%
2025-06-16 01:15:11,415 - INFO - [STARTUP] GPU 0 Usage: 0.0%
2025-06-16 01:15:11,415 - INFO - [STARTUP] GPU 0 Memory: 0.0%
2025-06-16 01:15:11,415 - INFO - [STARTUP] GPU 1 Usage: 0.0%
2025-06-16 01:15:11,415 - INFO - [STARTUP] GPU 1 Memory: 0.0%
2025-06-16 01:15:11,415 - INFO - [STARTUP] GPU 2 Usage: 0.0%
2025-06-16 01:15:11,416 - INFO - [STARTUP] GPU 2 Memory: 0.0%
2025-06-16 01:15:11,416 - INFO - [STARTUP] GPU 3 Usage: 0.0%
2025-06-16 01:15:11,416 - INFO - [STARTUP] GPU 3 Memory: 0.0%
2025-06-16 01:15:11,416 - INFO - [INGESTION] Latency: 0.0005 seconds
2025-06-16 01:15:11,416 - INFO - [INGESTION] Throughput: 0.00 items/s
2025-06-16 01:15:11,417 - INFO - [INGESTION] Items processed: 0 new items
2025-06-16 01:15:11,417 - INFO - [INGESTION] CPU Usage: 2.1%
2025-06-16 01:15:11,417 - INFO - [INGESTION] Memory Usage: 3.3%
2025-06-16 01:15:11,493 - INFO - [INGESTION] GPU 0 Usage: 0.0%
2025-06-16 01:15:11,493 - INFO - [INGESTION] GPU 0 Memory: 0.0%
2025-06-16 01:15:11,494 - INFO - [INGESTION] GPU 1 Usage: 0.0%
2025-06-16 01:15:11,494 - INFO - [INGESTION] GPU 1 Memory: 0.0%
2025-06-16 01:15:11,494 - INFO - [INGESTION] GPU 2 Usage: 0.0%
2025-06-16 01:15:11,494 - INFO - [INGESTION] GPU 2 Memory: 0.0%
2025-06-16 01:15:11,494 - INFO - [INGESTION] GPU 3 Usage: 0.0%
2025-06-16 01:15:11,494 - INFO - [INGESTION] GPU 3 Memory: 0.0%
2025-06-16 01:15:41,496 - INFO - [INGESTION] Latency: 0.0011 seconds
2025-06-16 01:15:41,497 - INFO - [INGESTION] Throughput: 0.00 items/s
2025-06-16 01:15:41,497 - INFO - [INGESTION] Items processed: 0 new items
2025-06-16 01:15:41,498 - INFO - [INGESTION] CPU Usage: 0.5%
2025-06-16 01:15:41,498 - INFO - [INGESTION] Memory Usage: 3.4%
2025-06-16 01:15:41,563 - INFO - [INGESTION] GPU 0 Usage: 0.0%
2025-06-16 01:15:41,563 - INFO - [INGESTION] GPU 0 Memory: 0.0%
2025-06-16 01:15:41,563 - INFO - [INGESTION] GPU 1 Usage: 0.0%
2025-06-16 01:15:41,564 - INFO - [INGESTION] GPU 1 Memory: 0.0%
2025-06-16 01:15:41,564 - INFO - [INGESTION] GPU 2 Usage: 0.0%
2025-06-16 01:15:41,564 - INFO - [INGESTION] GPU 2 Memory: 0.0%
2025-06-16 01:15:41,564 - INFO - [INGESTION] GPU 3 Usage: 0.0%
2025-06-16 01:15:41,564 - INFO - [INGESTION] GPU 3 Memory: 0.0%
2025-06-16 01:16:11,564 - INFO - [INGESTION] Latency: 0.0011 seconds
2025-06-16 01:16:11,565 - INFO - [INGESTION] Throughput: 0.00 items/s
2025-06-16 01:16:11,565 - INFO - [INGESTION] Items processed: 0 new items
2025-06-16 01:16:11,566 - INFO - [INGESTION] CPU Usage: 0.4%
2025-06-16 01:16:11,566 - INFO - [INGESTION] Memory Usage: 3.4%
2025-06-16 01:16:11,632 - INFO - [INGESTION] GPU 0 Usage: 0.0%
2025-06-16 01:16:11,632 - INFO - [INGESTION] GPU 0 Memory: 0.0%
2025-06-16 01:16:11,632 - INFO - [INGESTION] GPU 1 Usage: 0.0%
2025-06-16 01:16:11,632 - INFO - [INGESTION] GPU 1 Memory: 0.0%
2025-06-16 01:16:11,632 - INFO - [INGESTION] GPU 2 Usage: 0.0%
2025-06-16 01:16:11,632 - INFO - [INGESTION] GPU 2 Memory: 0.0%
2025-06-16 01:16:11,632 - INFO - [INGESTION] GPU 3 Usage: 0.0%
2025-06-16 01:16:11,632 - INFO - [INGESTION] GPU 3 Memory: 0.0%
2025-06-16 01:16:41,634 - INFO - [INGESTION] Latency: 0.0012 seconds
2025-06-16 01:16:41,635 - INFO - [INGESTION] Throughput: 0.00 items/s
2025-06-16 01:16:41,635 - INFO - [INGESTION] Items processed: 0 new items
2025-06-16 01:16:41,636 - INFO - [INGESTION] CPU Usage: 0.4%
2025-06-16 01:16:41,636 - INFO - [INGESTION] Memory Usage: 3.4%
2025-06-16 01:16:41,699 - INFO - [INGESTION] GPU 0 Usage: 0.0%
2025-06-16 01:16:41,699 - INFO - [INGESTION] GPU 0 Memory: 0.0%
2025-06-16 01:16:41,700 - INFO - [INGESTION] GPU 1 Usage: 0.0%
2025-06-16 01:16:41,700 - INFO - [INGESTION] GPU 1 Memory: 0.0%
2025-06-16 01:16:41,700 - INFO - [INGESTION] GPU 2 Usage: 0.0%
2025-06-16 01:16:41,700 - INFO - [INGESTION] GPU 2 Memory: 0.0%
2025-06-16 01:16:41,700 - INFO - [INGESTION] GPU 3 Usage: 0.0%
2025-06-16 01:16:41,700 - INFO - [INGESTION] GPU 3 Memory: 0.0%
2025-06-16 01:17:11,702 - INFO - [INGESTION] Latency: 0.0010 seconds
2025-06-16 01:17:11,702 - INFO - [INGESTION] Throughput: 0.00 items/s
2025-06-16 01:17:11,702 - INFO - [INGESTION] Items processed: 0 new items
2025-06-16 01:17:11,703 - INFO - [INGESTION] CPU Usage: 0.5%
2025-06-16 01:17:11,703 - INFO - [INGESTION] Memory Usage: 3.4%
2025-06-16 01:17:11,768 - INFO - [INGESTION] GPU 0 Usage: 0.0%
2025-06-16 01:17:11,768 - INFO - [INGESTION] GPU 0 Memory: 0.0%
2025-06-16 01:17:11,768 - INFO - [INGESTION] GPU 1 Usage: 0.0%
2025-06-16 01:17:11,768 - INFO - [INGESTION] GPU 1 Memory: 0.0%
2025-06-16 01:17:11,768 - INFO - [INGESTION] GPU 2 Usage: 0.0%
2025-06-16 01:17:11,768 - INFO - [INGESTION] GPU 2 Memory: 0.0%
2025-06-16 01:17:11,768 - INFO - [INGESTION] GPU 3 Usage: 0.0%
2025-06-16 01:17:11,768 - INFO - [INGESTION] GPU 3 Memory: 0.0%
2025-06-16 01:17:22,219 - INFO - [/INGEST] Latency: 0.0002 seconds
2025-06-16 01:17:22,219 - INFO - [/INGEST] Throughput: 6039.41 items/s
2025-06-16 01:17:22,219 - INFO - [/INGEST] Items processed: 1 new items
2025-06-16 01:17:22,219 - INFO - [/INGEST] CPU Usage: 0.0%
2025-06-16 01:17:22,219 - INFO - [/INGEST] Memory Usage: 3.3%
2025-06-16 01:17:22,287 - INFO - [/INGEST] GPU 0 Usage: 0.0%
2025-06-16 01:17:22,287 - INFO - [/INGEST] GPU 0 Memory: 0.0%
2025-06-16 01:17:22,288 - INFO - [/INGEST] GPU 1 Usage: 0.0%
2025-06-16 01:17:22,288 - INFO - [/INGEST] GPU 1 Memory: 0.0%
2025-06-16 01:17:22,288 - INFO - [/INGEST] GPU 2 Usage: 0.0%
2025-06-16 01:17:22,288 - INFO - [/INGEST] GPU 2 Memory: 0.0%
2025-06-16 01:17:22,288 - INFO - [/INGEST] GPU 3 Usage: 0.0%
2025-06-16 01:17:22,288 - INFO - [/INGEST] GPU 3 Memory: 0.0%
2025-06-16 01:17:41,770 - INFO - [INGESTION] Latency: 0.0012 seconds
2025-06-16 01:17:41,771 - INFO - [INGESTION] Throughput: 0.00 items/s
2025-06-16 01:17:41,771 - INFO - [INGESTION] Items processed: 0 new items
2025-06-16 01:17:41,772 - INFO - [INGESTION] CPU Usage: 0.7%
2025-06-16 01:17:41,772 - INFO - [INGESTION] Memory Usage: 3.3%
2025-06-16 01:17:41,835 - INFO - [INGESTION] GPU 0 Usage: 0.0%
2025-06-16 01:17:41,835 - INFO - [INGESTION] GPU 0 Memory: 0.0%
2025-06-16 01:17:41,836 - INFO - [INGESTION] GPU 1 Usage: 0.0%
2025-06-16 01:17:41,836 - INFO - [INGESTION] GPU 1 Memory: 0.0%
2025-06-16 01:17:41,836 - INFO - [INGESTION] GPU 2 Usage: 0.0%
2025-06-16 01:17:41,836 - INFO - [INGESTION] GPU 2 Memory: 0.0%
2025-06-16 01:17:41,836 - INFO - [INGESTION] GPU 3 Usage: 0.0%
2025-06-16 01:17:41,836 - INFO - [INGESTION] GPU 3 Memory: 0.0%
2025-06-16 01:17:51,592 - INFO - [/RETRIEVE] Latency: 0.0000 seconds
2025-06-16 01:17:51,592 - INFO - [/RETRIEVE] Throughput: 86513.59 items/s
2025-06-16 01:17:51,592 - INFO - [/RETRIEVE] Items returned: 1 items
2025-06-16 01:17:51,592 - INFO - [/RETRIEVE] CPU Usage: 0.7%
2025-06-16 01:17:51,592 - INFO - [/RETRIEVE] Memory Usage: 3.3%
2025-06-16 01:17:51,651 - INFO - [/RETRIEVE] GPU 0 Usage: 0.0%
2025-06-16 01:17:51,651 - INFO - [/RETRIEVE] GPU 0 Memory: 0.0%
2025-06-16 01:17:51,651 - INFO - [/RETRIEVE] GPU 1 Usage: 0.0%
2025-06-16 01:17:51,651 - INFO - [/RETRIEVE] GPU 1 Memory: 0.0%
2025-06-16 01:17:51,651 - INFO - [/RETRIEVE] GPU 2 Usage: 0.0%
2025-06-16 01:17:51,651 - INFO - [/RETRIEVE] GPU 2 Memory: 0.0%
2025-06-16 01:17:51,652 - INFO - [/RETRIEVE] GPU 3 Usage: 0.0%
2025-06-16 01:17:51,652 - INFO - [/RETRIEVE] GPU 3 Memory: 0.0%
2025-06-16 01:18:11,262 - INFO - [/RETRIEVE] Latency: 0.0000 seconds
2025-06-16 01:18:11,262 - INFO - [/RETRIEVE] Throughput: 86541.48 items/s
2025-06-16 01:18:11,262 - INFO - [/RETRIEVE] Items returned: 1 items
2025-06-16 01:18:11,262 - INFO - [/RETRIEVE] CPU Usage: 3.1%
2025-06-16 01:18:11,262 - INFO - [/RETRIEVE] Memory Usage: 3.9%
2025-06-16 01:18:11,319 - INFO - [/RETRIEVE] GPU 0 Usage: 0.0%
2025-06-16 01:18:11,319 - INFO - [/RETRIEVE] GPU 0 Memory: 0.0%
2025-06-16 01:18:11,319 - INFO - [/RETRIEVE] GPU 1 Usage: 0.0%
2025-06-16 01:18:11,319 - INFO - [/RETRIEVE] GPU 1 Memory: 0.0%
2025-06-16 01:18:11,319 - INFO - [/RETRIEVE] GPU 2 Usage: 0.0%
2025-06-16 01:18:11,319 - INFO - [/RETRIEVE] GPU 2 Memory: 0.0%
2025-06-16 01:18:11,319 - INFO - [/RETRIEVE] GPU 3 Usage: 0.0%
2025-06-16 01:18:11,319 - INFO - [/RETRIEVE] GPU 3 Memory: 0.0%
2025-06-16 01:18:11,838 - INFO - [INGESTION] Latency: 0.0011 seconds
2025-06-16 01:18:11,839 - INFO - [INGESTION] Throughput: 0.00 items/s
2025-06-16 01:18:11,839 - INFO - [INGESTION] Items processed: 0 new items
2025-06-16 01:18:11,840 - INFO - [INGESTION] CPU Usage: 2.5%
2025-06-16 01:18:11,840 - INFO - [INGESTION] Memory Usage: 3.4%
2025-06-16 01:18:11,931 - INFO - [INGESTION] GPU 0 Usage: 0.0%
2025-06-16 01:18:11,931 - INFO - [INGESTION] GPU 0 Memory: 0.0%
2025-06-16 01:18:11,932 - INFO - [INGESTION] GPU 1 Usage: 0.0%
2025-06-16 01:18:11,932 - INFO - [INGESTION] GPU 1 Memory: 0.0%
2025-06-16 01:18:11,932 - INFO - [INGESTION] GPU 2 Usage: 0.0%
2025-06-16 01:18:11,932 - INFO - [INGESTION] GPU 2 Memory: 0.0%
2025-06-16 01:18:11,932 - INFO - [INGESTION] GPU 3 Usage: 0.0%
2025-06-16 01:18:11,932 - INFO - [INGESTION] GPU 3 Memory: 0.0%
2025-06-16 01:18:41,934 - INFO - [INGESTION] Latency: 0.0012 seconds
2025-06-16 01:18:41,935 - INFO - [INGESTION] Throughput: 0.00 items/s
2025-06-16 01:18:41,935 - INFO - [INGESTION] Items processed: 0 new items
2025-06-16 01:18:41,936 - INFO - [INGESTION] CPU Usage: 1.1%
2025-06-16 01:18:41,936 - INFO - [INGESTION] Memory Usage: 3.4%
2025-06-16 01:18:42,028 - INFO - [INGESTION] GPU 0 Usage: 0.0%
2025-06-16 01:18:42,028 - INFO - [INGESTION] GPU 0 Memory: 0.0%
2025-06-16 01:18:42,028 - INFO - [INGESTION] GPU 1 Usage: 0.0%
2025-06-16 01:18:42,028 - INFO - [INGESTION] GPU 1 Memory: 0.0%
2025-06-16 01:18:42,028 - INFO - [INGESTION] GPU 2 Usage: 0.0%
2025-06-16 01:18:42,028 - INFO - [INGESTION] GPU 2 Memory: 0.0%
2025-06-16 01:18:42,029 - INFO - [INGESTION] GPU 3 Usage: 0.0%
2025-06-16 01:18:42,029 - INFO - [INGESTION] GPU 3 Memory: 0.0%
2025-06-16 01:19:02,709 - INFO - [/RETRIEVE] Latency: 0.0000 seconds
2025-06-16 01:19:02,709 - INFO - [/RETRIEVE] Throughput: 81128.96 items/s
2025-06-16 01:19:02,709 - INFO - [/RETRIEVE] Items returned: 1 items
2025-06-16 01:19:02,710 - INFO - [/RETRIEVE] CPU Usage: 1.0%
2025-06-16 01:19:02,710 - INFO - [/RETRIEVE] Memory Usage: 3.4%
2025-06-16 01:19:02,772 - INFO - [/RETRIEVE] GPU 0 Usage: 0.0%
2025-06-16 01:19:02,772 - INFO - [/RETRIEVE] GPU 0 Memory: 0.0%
2025-06-16 01:19:02,772 - INFO - [/RETRIEVE] GPU 1 Usage: 0.0%
2025-06-16 01:19:02,772 - INFO - [/RETRIEVE] GPU 1 Memory: 0.0%
2025-06-16 01:19:02,772 - INFO - [/RETRIEVE] GPU 2 Usage: 0.0%
2025-06-16 01:19:02,772 - INFO - [/RETRIEVE] GPU 2 Memory: 0.0%
2025-06-16 01:19:02,772 - INFO - [/RETRIEVE] GPU 3 Usage: 0.0%
2025-06-16 01:19:02,772 - INFO - [/RETRIEVE] GPU 3 Memory: 0.0%
2025-06-16 01:19:12,030 - INFO - [INGESTION] Latency: 0.0012 seconds
2025-06-16 01:19:12,031 - INFO - [INGESTION] Throughput: 0.00 items/s
2025-06-16 01:19:12,031 - INFO - [INGESTION] Items processed: 0 new items
2025-06-16 01:19:12,033 - INFO - [INGESTION] CPU Usage: 0.8%
2025-06-16 01:19:12,033 - INFO - [INGESTION] Memory Usage: 3.4%
2025-06-16 01:19:12,096 - INFO - [INGESTION] GPU 0 Usage: 0.0%
2025-06-16 01:19:12,096 - INFO - [INGESTION] GPU 0 Memory: 0.0%
2025-06-16 01:19:12,096 - INFO - [INGESTION] GPU 1 Usage: 0.0%
2025-06-16 01:19:12,096 - INFO - [INGESTION] GPU 1 Memory: 0.0%
2025-06-16 01:19:12,096 - INFO - [INGESTION] GPU 2 Usage: 0.0%
2025-06-16 01:19:12,096 - INFO - [INGESTION] GPU 2 Memory: 0.0%
2025-06-16 01:19:12,096 - INFO - [INGESTION] GPU 3 Usage: 0.0%
2025-06-16 01:19:12,097 - INFO - [INGESTION] GPU 3 Memory: 0.0%
2025-06-16 01:19:42,098 - INFO - [INGESTION] Latency: 0.0010 seconds
2025-06-16 01:19:42,099 - INFO - [INGESTION] Throughput: 0.00 items/s
2025-06-16 01:19:42,099 - INFO - [INGESTION] Items processed: 0 new items
2025-06-16 01:19:42,100 - INFO - [INGESTION] CPU Usage: 0.6%
2025-06-16 01:19:42,100 - INFO - [INGESTION] Memory Usage: 3.4%
2025-06-16 01:19:42,163 - INFO - [INGESTION] GPU 0 Usage: 0.0%
2025-06-16 01:19:42,164 - INFO - [INGESTION] GPU 0 Memory: 0.0%
2025-06-16 01:19:42,164 - INFO - [INGESTION] GPU 1 Usage: 0.0%
2025-06-16 01:19:42,164 - INFO - [INGESTION] GPU 1 Memory: 0.0%
2025-06-16 01:19:42,164 - INFO - [INGESTION] GPU 2 Usage: 0.0%
2025-06-16 01:19:42,164 - INFO - [INGESTION] GPU 2 Memory: 0.0%
2025-06-16 01:19:42,164 - INFO - [INGESTION] GPU 3 Usage: 0.0%
2025-06-16 01:19:42,164 - INFO - [INGESTION] GPU 3 Memory: 0.0%
2025-06-16 01:20:12,166 - INFO - [INGESTION] Latency: 0.0010 seconds
2025-06-16 01:20:12,166 - INFO - [INGESTION] Throughput: 0.00 items/s
2025-06-16 01:20:12,167 - INFO - [INGESTION] Items processed: 0 new items
2025-06-16 01:20:12,168 - INFO - [INGESTION] CPU Usage: 0.8%
2025-06-16 01:20:12,168 - INFO - [INGESTION] Memory Usage: 3.4%
2025-06-16 01:20:12,231 - INFO - [INGESTION] GPU 0 Usage: 0.0%
2025-06-16 01:20:12,231 - INFO - [INGESTION] GPU 0 Memory: 0.0%
2025-06-16 01:20:12,231 - INFO - [INGESTION] GPU 1 Usage: 0.0%
2025-06-16 01:20:12,232 - INFO - [INGESTION] GPU 1 Memory: 0.0%
2025-06-16 01:20:12,232 - INFO - [INGESTION] GPU 2 Usage: 0.0%
2025-06-16 01:20:12,232 - INFO - [INGESTION] GPU 2 Memory: 0.0%
2025-06-16 01:20:12,232 - INFO - [INGESTION] GPU 3 Usage: 0.0%
2025-06-16 01:20:12,232 - INFO - [INGESTION] GPU 3 Memory: 0.0%
