2025-06-15 20:07:52,935 - INFO - [/INGEST] Latency: 0.0002 seconds
2025-06-15 20:07:52,935 - INFO - [/INGEST] Throughput: 8330.08 items/s
2025-06-15 20:07:52,935 - INFO - [/INGEST] Items processed: 2 new items
2025-06-15 20:07:52,936 - INFO - [/INGEST] CPU Usage: 0.0%
2025-06-15 20:07:52,936 - INFO - [/INGEST] Memory Usage: 3.4%
2025-06-15 20:07:52,992 - INFO - [/INGEST] GPU 0 Usage: 0.0%
2025-06-15 20:07:52,992 - INFO - [/INGEST] GPU 0 Memory: 0.0%
2025-06-15 20:07:52,992 - INFO - [/INGEST] GPU 1 Usage: 0.0%
2025-06-15 20:07:52,992 - INFO - [/INGEST] GPU 1 Memory: 0.0%
2025-06-15 20:07:52,992 - INFO - [/INGEST] GPU 2 Usage: 0.0%
2025-06-15 20:07:52,992 - INFO - [/INGEST] GPU 2 Memory: 0.0%
2025-06-15 20:07:52,992 - INFO - [/INGEST] GPU 3 Usage: 0.0%
2025-06-15 20:07:52,992 - INFO - [/INGEST] GPU 3 Memory: 0.0%
2025-06-15 20:07:52,996 - INFO - [/INGEST] Latency: 0.0002 seconds
2025-06-15 20:07:52,996 - INFO - [/INGEST] Throughput: 12637.86 items/s
2025-06-15 20:07:52,996 - INFO - [/INGEST] Items processed: 3 new items
2025-06-15 20:07:52,996 - INFO - [/INGEST] CPU Usage: 4.2%
2025-06-15 20:07:52,997 - INFO - [/INGEST] Memory Usage: 3.3%
2025-06-15 20:07:53,054 - INFO - [/INGEST] GPU 0 Usage: 0.0%
2025-06-15 20:07:53,054 - INFO - [/INGEST] GPU 0 Memory: 0.0%
2025-06-15 20:07:53,054 - INFO - [/INGEST] GPU 1 Usage: 0.0%
2025-06-15 20:07:53,054 - INFO - [/INGEST] GPU 1 Memory: 0.0%
2025-06-15 20:07:53,054 - INFO - [/INGEST] GPU 2 Usage: 0.0%
2025-06-15 20:07:53,054 - INFO - [/INGEST] GPU 2 Memory: 0.0%
2025-06-15 20:07:53,054 - INFO - [/INGEST] GPU 3 Usage: 0.0%
2025-06-15 20:07:53,054 - INFO - [/INGEST] GPU 3 Memory: 0.0%
2025-06-15 20:07:53,058 - INFO - [/RETRIEVE] Latency: 0.0000 seconds
2025-06-15 20:07:53,058 - INFO - [/RETRIEVE] Throughput: 159745.37 items/s
2025-06-15 20:07:53,058 - INFO - [/RETRIEVE] Items returned: 3 items
2025-06-15 20:07:53,058 - INFO - [/RETRIEVE] CPU Usage: 4.2%
2025-06-15 20:07:53,058 - INFO - [/RETRIEVE] Memory Usage: 3.4%
2025-06-15 20:07:53,119 - INFO - [/RETRIEVE] GPU 0 Usage: 0.0%
2025-06-15 20:07:53,119 - INFO - [/RETRIEVE] GPU 0 Memory: 0.0%
2025-06-15 20:07:53,119 - INFO - [/RETRIEVE] GPU 1 Usage: 0.0%
2025-06-15 20:07:53,119 - INFO - [/RETRIEVE] GPU 1 Memory: 0.0%
2025-06-15 20:07:53,119 - INFO - [/RETRIEVE] GPU 2 Usage: 0.0%
2025-06-15 20:07:53,119 - INFO - [/RETRIEVE] GPU 2 Memory: 0.0%
2025-06-15 20:07:53,119 - INFO - [/RETRIEVE] GPU 3 Usage: 0.0%
2025-06-15 20:07:53,119 - INFO - [/RETRIEVE] GPU 3 Memory: 0.0%
2025-06-15 20:07:53,124 - INFO - [/INGEST] Latency: 0.0001 seconds
2025-06-15 20:07:53,124 - INFO - [/INGEST] Throughput: 7255.47 items/s
2025-06-15 20:07:53,124 - INFO - [/INGEST] Items processed: 1 new items
2025-06-15 20:07:53,124 - INFO - [/INGEST] CPU Usage: 5.7%
2025-06-15 20:07:53,124 - INFO - [/INGEST] Memory Usage: 3.4%
2025-06-15 20:07:53,170 - INFO - [/INGEST] GPU 0 Usage: 0.0%
2025-06-15 20:07:53,170 - INFO - [/INGEST] GPU 0 Memory: 0.0%
2025-06-15 20:07:53,170 - INFO - [/INGEST] GPU 1 Usage: 0.0%
2025-06-15 20:07:53,170 - INFO - [/INGEST] GPU 1 Memory: 0.0%
2025-06-15 20:07:53,170 - INFO - [/INGEST] GPU 2 Usage: 0.0%
2025-06-15 20:07:53,170 - INFO - [/INGEST] GPU 2 Memory: 0.0%
2025-06-15 20:07:53,170 - INFO - [/INGEST] GPU 3 Usage: 0.0%
2025-06-15 20:07:53,170 - INFO - [/INGEST] GPU 3 Memory: 0.0%
2025-06-15 20:07:53,175 - INFO - [/INGEST] Latency: 0.0000 seconds
2025-06-15 20:07:53,176 - INFO - [/INGEST] Throughput: 0.00 items/s
2025-06-15 20:07:53,176 - INFO - [/INGEST] Items processed: 0 new items
2025-06-15 20:07:53,176 - INFO - [/INGEST] CPU Usage: 9.5%
2025-06-15 20:07:53,176 - INFO - [/INGEST] Memory Usage: 3.4%
2025-06-15 20:07:53,229 - INFO - [/INGEST] GPU 0 Usage: 0.0%
2025-06-15 20:07:53,230 - INFO - [/INGEST] GPU 0 Memory: 0.0%
2025-06-15 20:07:53,230 - INFO - [/INGEST] GPU 1 Usage: 0.0%
2025-06-15 20:07:53,230 - INFO - [/INGEST] GPU 1 Memory: 0.0%
2025-06-15 20:07:53,230 - INFO - [/INGEST] GPU 2 Usage: 0.0%
2025-06-15 20:07:53,230 - INFO - [/INGEST] GPU 2 Memory: 0.0%
2025-06-15 20:07:53,230 - INFO - [/INGEST] GPU 3 Usage: 0.0%
2025-06-15 20:07:53,230 - INFO - [/INGEST] GPU 3 Memory: 0.0%
2025-06-15 20:07:53,237 - INFO - [/RETRIEVE] Latency: 0.0000 seconds
2025-06-15 20:07:53,237 - INFO - [/RETRIEVE] Throughput: 166160.85 items/s
2025-06-15 20:07:53,237 - INFO - [/RETRIEVE] Items returned: 4 items
2025-06-15 20:07:53,238 - INFO - [/RETRIEVE] CPU Usage: 8.3%
2025-06-15 20:07:53,238 - INFO - [/RETRIEVE] Memory Usage: 3.4%
2025-06-15 20:07:53,327 - INFO - [/RETRIEVE] GPU 0 Usage: 0.0%
2025-06-15 20:07:53,328 - INFO - [/RETRIEVE] GPU 0 Memory: 0.0%
2025-06-15 20:07:53,328 - INFO - [/RETRIEVE] GPU 1 Usage: 0.0%
2025-06-15 20:07:53,328 - INFO - [/RETRIEVE] GPU 1 Memory: 0.0%
2025-06-15 20:07:53,328 - INFO - [/RETRIEVE] GPU 2 Usage: 0.0%
2025-06-15 20:07:53,328 - INFO - [/RETRIEVE] GPU 2 Memory: 0.0%
2025-06-15 20:07:53,328 - INFO - [/RETRIEVE] GPU 3 Usage: 0.0%
2025-06-15 20:07:53,328 - INFO - [/RETRIEVE] GPU 3 Memory: 0.0%
2025-06-15 20:07:55,258 - INFO - [/RETRIEVE] Latency: 0.0000 seconds
2025-06-15 20:07:55,258 - INFO - [/RETRIEVE] Throughput: 304568.01 items/s
2025-06-15 20:07:55,258 - INFO - [/RETRIEVE] Items returned: 6 items
2025-06-15 20:07:55,258 - INFO - [/RETRIEVE] CPU Usage: 0.0%
2025-06-15 20:07:55,258 - INFO - [/RETRIEVE] Memory Usage: 4.1%
2025-06-15 20:07:55,314 - INFO - [/RETRIEVE] GPU 0 Usage: 82.0%
2025-06-15 20:07:55,314 - INFO - [/RETRIEVE] GPU 0 Memory: 15.5%
2025-06-15 20:07:55,314 - INFO - [/RETRIEVE] GPU 1 Usage: 0.0%
2025-06-15 20:07:55,314 - INFO - [/RETRIEVE] GPU 1 Memory: 0.0%
2025-06-15 20:07:55,314 - INFO - [/RETRIEVE] GPU 2 Usage: 0.0%
2025-06-15 20:07:55,314 - INFO - [/RETRIEVE] GPU 2 Memory: 0.0%
2025-06-15 20:07:55,314 - INFO - [/RETRIEVE] GPU 3 Usage: 0.0%
2025-06-15 20:07:55,314 - INFO - [/RETRIEVE] GPU 3 Memory: 0.0%
2025-06-15 20:07:55,326 - INFO - [/RETRIEVE] Latency: 0.0000 seconds
2025-06-15 20:07:55,326 - INFO - [/RETRIEVE] Throughput: 247602.06 items/s
2025-06-15 20:07:55,326 - INFO - [/RETRIEVE] Items returned: 4 items
2025-06-15 20:07:55,326 - INFO - [/RETRIEVE] CPU Usage: 3.8%
2025-06-15 20:07:55,327 - INFO - [/RETRIEVE] Memory Usage: 4.1%
2025-06-15 20:07:55,399 - INFO - [/RETRIEVE] GPU 0 Usage: 82.0%
2025-06-15 20:07:55,399 - INFO - [/RETRIEVE] GPU 0 Memory: 15.5%
2025-06-15 20:07:55,399 - INFO - [/RETRIEVE] GPU 1 Usage: 0.0%
2025-06-15 20:07:55,399 - INFO - [/RETRIEVE] GPU 1 Memory: 0.0%
2025-06-15 20:07:55,399 - INFO - [/RETRIEVE] GPU 2 Usage: 0.0%
2025-06-15 20:07:55,400 - INFO - [/RETRIEVE] GPU 2 Memory: 0.0%
2025-06-15 20:07:55,400 - INFO - [/RETRIEVE] GPU 3 Usage: 0.0%
2025-06-15 20:07:55,400 - INFO - [/RETRIEVE] GPU 3 Memory: 0.0%
2025-06-15 20:07:55,888 - INFO - [/RETRIEVE] Latency: 0.0000 seconds
2025-06-15 20:07:55,888 - INFO - [/RETRIEVE] Throughput: 323136.39 items/s
2025-06-15 20:07:55,888 - INFO - [/RETRIEVE] Items returned: 6 items
2025-06-15 20:07:55,889 - INFO - [/RETRIEVE] CPU Usage: 12.5%
2025-06-15 20:07:55,889 - INFO - [/RETRIEVE] Memory Usage: 4.1%
2025-06-15 20:07:55,925 - INFO - [/RETRIEVE] GPU 0 Usage: 93.0%
2025-06-15 20:07:55,925 - INFO - [/RETRIEVE] GPU 0 Memory: 15.5%
2025-06-15 20:07:55,925 - INFO - [/RETRIEVE] GPU 1 Usage: 0.0%
2025-06-15 20:07:55,925 - INFO - [/RETRIEVE] GPU 1 Memory: 0.0%
2025-06-15 20:07:55,925 - INFO - [/RETRIEVE] GPU 2 Usage: 0.0%
2025-06-15 20:07:55,925 - INFO - [/RETRIEVE] GPU 2 Memory: 0.0%
2025-06-15 20:07:55,926 - INFO - [/RETRIEVE] GPU 3 Usage: 0.0%
2025-06-15 20:07:55,926 - INFO - [/RETRIEVE] GPU 3 Memory: 0.0%
2025-06-15 20:07:55,936 - INFO - [/RETRIEVE] Latency: 0.0000 seconds
2025-06-15 20:07:55,936 - INFO - [/RETRIEVE] Throughput: 305920.25 items/s
2025-06-15 20:07:55,936 - INFO - [/RETRIEVE] Items returned: 6 items
2025-06-15 20:07:55,936 - INFO - [/RETRIEVE] CPU Usage: 7.9%
2025-06-15 20:07:55,936 - INFO - [/RETRIEVE] Memory Usage: 4.1%
2025-06-15 20:07:55,973 - INFO - [/RETRIEVE] GPU 0 Usage: 57.0%
2025-06-15 20:07:55,973 - INFO - [/RETRIEVE] GPU 0 Memory: 15.5%
2025-06-15 20:07:55,973 - INFO - [/RETRIEVE] GPU 1 Usage: 0.0%
2025-06-15 20:07:55,973 - INFO - [/RETRIEVE] GPU 1 Memory: 0.0%
2025-06-15 20:07:55,973 - INFO - [/RETRIEVE] GPU 2 Usage: 0.0%
2025-06-15 20:07:55,973 - INFO - [/RETRIEVE] GPU 2 Memory: 0.0%
2025-06-15 20:07:55,974 - INFO - [/RETRIEVE] GPU 3 Usage: 0.0%
2025-06-15 20:07:55,974 - INFO - [/RETRIEVE] GPU 3 Memory: 0.0%
2025-06-15 20:07:55,978 - INFO - [/INGEST] Latency: 0.0002 seconds
2025-06-15 20:07:55,978 - INFO - [/INGEST] Throughput: 6281.73 items/s
2025-06-15 20:07:55,978 - INFO - [/INGEST] Items processed: 1 new items
2025-06-15 20:07:55,979 - INFO - [/INGEST] CPU Usage: 11.4%
2025-06-15 20:07:55,979 - INFO - [/INGEST] Memory Usage: 4.1%
2025-06-15 20:07:56,025 - INFO - [/INGEST] GPU 0 Usage: 57.0%
2025-06-15 20:07:56,025 - INFO - [/INGEST] GPU 0 Memory: 15.5%
2025-06-15 20:07:56,025 - INFO - [/INGEST] GPU 1 Usage: 0.0%
2025-06-15 20:07:56,026 - INFO - [/INGEST] GPU 1 Memory: 0.0%
2025-06-15 20:07:56,026 - INFO - [/INGEST] GPU 2 Usage: 0.0%
2025-06-15 20:07:56,026 - INFO - [/INGEST] GPU 2 Memory: 0.0%
2025-06-15 20:07:56,026 - INFO - [/INGEST] GPU 3 Usage: 0.0%
2025-06-15 20:07:56,026 - INFO - [/INGEST] GPU 3 Memory: 0.0%
