2025-06-16 00:59:49,008 - INFO - [zero_shot_it_relevance_filter] [REFUSED] Forest trust relationship | max_score=0.00 | label=Malfunction/Issue (critical and urgent for a IT manager of a company)
2025-06-16 00:59:49,307 - INFO - [zero_shot_it_relevance_filter] [ACCEPTED] 1lc6tn4 | reddit/sysadmin | R740xd PERC Adapter causing trouble - need help accessing RAID
2025-06-16 00:59:49,602 - INFO - [zero_shot_it_relevance_filter] [REFUSED] What’s your non sysadmin jobs at work? | max_score=0.04 | label=Malfunction/Issue (critical and urgent for a IT manager of a company)
2025-06-16 00:59:49,854 - INFO - [zero_shot_it_relevance_filter] [REFUSED] Telecore eSeries intercom system | max_score=0.01 | label=Security Incident (critical and urgent for a IT manager of a company)
2025-06-16 00:59:50,357 - INFO - [zero_shot_it_relevance_filter] [ACCEPTED] 1lc3d1q | reddit/sysadmin | Is zentyal knowledge transferable to winserver?
2025-06-16 00:59:51,006 - INFO - [zero_shot_it_relevance_filter] [ACCEPTED] 1l9w3gd | reddit/outages | 12/06/2025 Cloudflare outage
2025-06-16 00:59:51,232 - INFO - [zero_shot_it_relevance_filter] [ACCEPTED] 1l9vbg6 | reddit/outages | great internet outage of 6/12/25
2025-06-16 00:59:51,474 - INFO - [zero_shot_it_relevance_filter] [ACCEPTED] 1l9tyrj | reddit/outages | Why is everything down
2025-06-16 00:59:51,733 - INFO - [zero_shot_it_relevance_filter] [REFUSED] Do you think mini dc ups are necessary for wifi networks? | max_score=0.01 | label=Malfunction/Issue (critical and urgent for a IT manager of a company)
2025-06-16 00:59:51,982 - INFO - [zero_shot_it_relevance_filter] [ACCEPTED] 1l837nr | reddit/outages | Service outages after storm
2025-06-16 00:59:52,496 - INFO - [zero_shot_it_relevance_filter] [REFUSED] Ebpf based open source tools | max_score=0.04 | label=Malfunction/Issue (critical and urgent for a IT manager of a company)
2025-06-16 00:59:52,930 - INFO - [zero_shot_it_relevance_filter] [ACCEPTED] 1lc8nz1 | reddit/cybersecurity | Choosing an EDR for a European company
2025-06-16 00:59:53,356 - INFO - [zero_shot_it_relevance_filter] [ACCEPTED] 1lc470w | reddit/cybersecurity | Lead Auditor/Implementer or something else for me?
2025-06-16 00:59:54,022 - INFO - [zero_shot_it_relevance_filter] [REFUSED] Need help establishing a Malware Analysis Lab | max_score=0.06 | label=Malfunction/Issue (critical and urgent for a IT manager of a company)
2025-06-16 00:59:54,320 - INFO - [zero_shot_it_relevance_filter] [REFUSED] What are the most usual positions in Cybersecurity by title? | max_score=0.07 | label=Malfunction/Issue (critical and urgent for a IT manager of a company)
2025-06-16 00:59:54,660 - INFO - [zero_shot_it_relevance_filter] [REFUSED] Delightfully irreverent Underdogs isn’t your parents’ nature docuseries | max_score=0.00 | label=Malfunction/Issue (critical and urgent for a IT manager of a company)
2025-06-16 00:59:54,913 - INFO - [zero_shot_it_relevance_filter] [REFUSED] Companies may soon pay a fee for their rockets to share the skies with airplanes | max_score=0.04 | label=Vulnerability (critical and urgent for a IT manager of a company)
2025-06-16 00:59:55,168 - INFO - [zero_shot_it_relevance_filter] [REFUSED] Biofuels policy has been a failure for the climate, new report claims | max_score=0.01 | label=Vulnerability (critical and urgent for a IT manager of a company)
2025-06-16 00:59:55,409 - INFO - [zero_shot_it_relevance_filter] [REFUSED] The “online monkey torture video” arrests just keep coming | max_score=0.01 | label=Security Incident (critical and urgent for a IT manager of a company)
2025-06-16 00:59:55,662 - INFO - [zero_shot_it_relevance_filter] [REFUSED] These VA Tech scientists are building a better fog harp | max_score=0.00 | label=Malfunction/Issue (critical and urgent for a IT manager of a company)
