2025-06-15 20:45:52,857 - INFO - [zero_shot_it_relevance_filter] [ACCEPTED] 1lc6tn4 | reddit/sysadmin | R740xd PERC Adapter causing trouble - need help accessing RAID
2025-06-15 20:45:53,153 - INFO - [zero_shot_it_relevance_filter] [REFUSED] What’s your non sysadmin jobs at work? | max_score=0.04 | label=Malfunction/Issue (critical and urgent for a IT manager of a company)
2025-06-15 20:45:53,406 - INFO - [zero_shot_it_relevance_filter] [REFUSED] Telecore eSeries intercom system | max_score=0.01 | label=Security Incident (critical and urgent for a IT manager of a company)
2025-06-15 20:45:53,910 - INFO - [zero_shot_it_relevance_filter] [ACCEPTED] 1lc3d1q | reddit/sysadmin | Is zentyal knowledge transferable to winserver?
2025-06-15 20:45:54,165 - INFO - [zero_shot_it_relevance_filter] [REFUSED] Sync sharepoint files to On premise server. | max_score=0.06 | label=Major Bug (critical and urgent for a IT manager of a company)
2025-06-15 20:45:54,812 - INFO - [zero_shot_it_relevance_filter] [ACCEPTED] 1l9w3gd | reddit/outages | 12/06/2025 Cloudflare outage
2025-06-15 20:45:55,040 - INFO - [zero_shot_it_relevance_filter] [ACCEPTED] 1l9vbg6 | reddit/outages | great internet outage of 6/12/25
2025-06-15 20:45:55,282 - INFO - [zero_shot_it_relevance_filter] [ACCEPTED] 1l9tyrj | reddit/outages | Why is everything down
2025-06-15 20:45:55,542 - INFO - [zero_shot_it_relevance_filter] [REFUSED] Do you think mini dc ups are necessary for wifi networks? | max_score=0.01 | label=Malfunction/Issue (critical and urgent for a IT manager of a company)
2025-06-15 20:45:55,792 - INFO - [zero_shot_it_relevance_filter] [ACCEPTED] 1l837nr | reddit/outages | Service outages after storm
2025-06-15 20:45:56,522 - INFO - [zero_shot_it_relevance_filter] [REFUSED] What are the most usual positions in Cybersecurity by title? | max_score=0.07 | label=Malfunction/Issue (critical and urgent for a IT manager of a company)
2025-06-15 20:45:56,746 - INFO - [zero_shot_it_relevance_filter] [ACCEPTED] 1lc4h3r | reddit/cybersecurity | Hosting images inside DNS records!
2025-06-15 20:45:57,068 - INFO - [zero_shot_it_relevance_filter] [REFUSED] real breakdown of how teams are testing ai written code? | max_score=0.01 | label=Security Incident (critical and urgent for a IT manager of a company)
2025-06-15 20:45:57,294 - INFO - [zero_shot_it_relevance_filter] [ACCEPTED] 1lc0yrt | reddit/cybersecurity | Richiesta info
2025-06-15 20:45:57,529 - INFO - [zero_shot_it_relevance_filter] [REFUSED] The Evolution of Linux Binaries in Targeted Cloud Operations | max_score=0.03 | label=Vulnerability (critical and urgent for a IT manager of a company)
2025-06-15 20:45:57,831 - INFO - [zero_shot_it_relevance_filter] [REFUSED] Companies may soon pay a fee for their rockets to share the skies with airplanes | max_score=0.04 | label=Vulnerability (critical and urgent for a IT manager of a company)
2025-06-15 20:45:58,086 - INFO - [zero_shot_it_relevance_filter] [REFUSED] Biofuels policy has been a failure for the climate, new report claims | max_score=0.01 | label=Vulnerability (critical and urgent for a IT manager of a company)
2025-06-15 20:45:58,327 - INFO - [zero_shot_it_relevance_filter] [REFUSED] The “online monkey torture video” arrests just keep coming | max_score=0.01 | label=Security Incident (critical and urgent for a IT manager of a company)
2025-06-15 20:45:58,580 - INFO - [zero_shot_it_relevance_filter] [REFUSED] These VA Tech scientists are building a better fog harp | max_score=0.00 | label=Malfunction/Issue (critical and urgent for a IT manager of a company)
2025-06-15 20:45:58,820 - INFO - [zero_shot_it_relevance_filter] [REFUSED] Google can now generate a fake AI podcast of your search results | max_score=0.02 | label=Malfunction/Issue (critical and urgent for a IT manager of a company)
