2025-06-15 19:21:32,615 - INFO - [zero_shot_it_relevance_filter] [ACCEPTED] 1lc3d1q | reddit/sysadmin | Is zentyal knowledge transferable to winserver?
2025-06-15 19:21:32,874 - INFO - [zero_shot_it_relevance_filter] [REFUSED] Sync sharepoint files to On premise server. | max_score=0.06 | label=Major Bug (critical and urgent for a IT manager of a company)
2025-06-15 19:21:33,170 - INFO - [zero_shot_it_relevance_filter] [REFUSED] App classification? | max_score=0.08 | label=Malfunction/Issue (critical and urgent for a IT manager of a company)
2025-06-15 19:21:33,605 - INFO - [zero_shot_it_relevance_filter] [ACCEPTED] 1lc03c9 | reddit/sysadmin | Has anyone used Matrix42 ITSM? How does it compare to ServiceNow or Ivanti?
2025-06-15 19:21:33,907 - INFO - [zero_shot_it_relevance_filter] [REFUSED] You know when it's time to step away and clear your head when ... | max_score=0.01 | label=Malfunction/Issue (critical and urgent for a IT manager of a company)
2025-06-15 19:21:34,522 - INFO - [zero_shot_it_relevance_filter] [ACCEPTED] 1l9w3gd | reddit/outages | 12/06/2025 Cloudflare outage
2025-06-15 19:21:34,750 - INFO - [zero_shot_it_relevance_filter] [ACCEPTED] 1l9vbg6 | reddit/outages | great internet outage of 6/12/25
2025-06-15 19:21:34,993 - INFO - [zero_shot_it_relevance_filter] [ACCEPTED] 1l9tyrj | reddit/outages | Why is everything down
2025-06-15 19:21:35,253 - INFO - [zero_shot_it_relevance_filter] [REFUSED] Do you think mini dc ups are necessary for wifi networks? | max_score=0.01 | label=Malfunction/Issue (critical and urgent for a IT manager of a company)
2025-06-15 19:21:35,502 - INFO - [zero_shot_it_relevance_filter] [ACCEPTED] 1l837nr | reddit/outages | Service outages after storm
2025-06-15 19:21:36,035 - INFO - [zero_shot_it_relevance_filter] [ACCEPTED] 1lc4h3r | reddit/cybersecurity | Hosting images inside DNS records!
2025-06-15 19:21:36,358 - INFO - [zero_shot_it_relevance_filter] [REFUSED] real breakdown of how teams are testing ai written code? | max_score=0.01 | label=Security Incident (critical and urgent for a IT manager of a company)
2025-06-15 19:21:36,585 - INFO - [zero_shot_it_relevance_filter] [ACCEPTED] 1lc0yrt | reddit/cybersecurity | Richiesta info
2025-06-15 19:21:36,820 - INFO - [zero_shot_it_relevance_filter] [REFUSED] The Evolution of Linux Binaries in Targeted Cloud Operations | max_score=0.03 | label=Vulnerability (critical and urgent for a IT manager of a company)
2025-06-15 19:21:37,116 - INFO - [zero_shot_it_relevance_filter] [REFUSED] Shellcode loading Red Team Engagements | max_score=0.01 | label=Vulnerability (critical and urgent for a IT manager of a company)
2025-06-15 19:21:37,427 - INFO - [zero_shot_it_relevance_filter] [REFUSED] Companies may soon pay a fee for their rockets to share the skies with airplanes | max_score=0.04 | label=Vulnerability (critical and urgent for a IT manager of a company)
2025-06-15 19:21:37,682 - INFO - [zero_shot_it_relevance_filter] [REFUSED] Biofuels policy has been a failure for the climate, new report claims | max_score=0.01 | label=Vulnerability (critical and urgent for a IT manager of a company)
2025-06-15 19:21:37,924 - INFO - [zero_shot_it_relevance_filter] [REFUSED] The “online monkey torture video” arrests just keep coming | max_score=0.01 | label=Security Incident (critical and urgent for a IT manager of a company)
2025-06-15 19:21:38,177 - INFO - [zero_shot_it_relevance_filter] [REFUSED] These VA Tech scientists are building a better fog harp | max_score=0.00 | label=Malfunction/Issue (critical and urgent for a IT manager of a company)
2025-06-15 19:21:38,418 - INFO - [zero_shot_it_relevance_filter] [REFUSED] Google can now generate a fake AI podcast of your search results | max_score=0.02 | label=Malfunction/Issue (critical and urgent for a IT manager of a company)
